<?xml version="1.0" encoding="utf-8"?><testsuites name="pytest tests"><testsuite name="pytest" errors="0" failures="0" skipped="0" tests="21" time="7.698" timestamp="2026-05-13T19:52:12.089920+00:00" hostname="agent-env-f4c82ec8-fcbe-4229-b1e8-cb5b1da8ffcb"><testcase classname="backend.tests.test_iteration5_license_delete_cleanup.TestDiagnostics" name="test_health" time="0.179" /><testcase classname="backend.tests.test_iteration5_license_delete_cleanup.TestDiagnostics" name="test_hardware_profile" time="0.124" /><testcase classname="backend.tests.test_iteration5_license_delete_cleanup.TestAdminAuth" name="test_admin_login" time="0.100" /><testcase classname="backend.tests.test_iteration5_license_delete_cleanup.TestAdminAuth" name="test_admin_login_wrong_password" time="0.090" /><testcase classname="backend.tests.test_iteration5_license_delete_cleanup.TestUserAuth" name="test_user_register_pending_then_admin_approve" time="1.573" /><testcase classname="backend.tests.test_iteration5_license_delete_cleanup.TestLicenseFlows" name="test_license_config" time="0.113" /><testcase classname="backend.tests.test_iteration5_license_delete_cleanup.TestLicenseFlows" name="test_start_trial" time="0.092" /><testcase classname="backend.tests.test_iteration5_license_delete_cleanup.TestLicenseFlows" name="test_issue_license" time="0.093" /><testcase classname="backend.tests.test_iteration5_license_delete_cleanup.TestLicenseFlows" name="test_list_licenses" time="0.091" /><testcase classname="backend.tests.test_iteration5_license_delete_cleanup.TestLicenseFlows" name="test_extend_license" time="0.325" /><testcase classname="backend.tests.test_iteration5_license_delete_cleanup.TestLicenseFlows" name="test_revoke_license" time="0.358" /><testcase classname="backend.tests.test_iteration5_license_delete_cleanup.TestLicenseDelete" name="test_delete_single" time="0.231" /><testcase classname="backend.tests.test_iteration5_license_delete_cleanup.TestLicenseDelete" name="test_delete_already_deleted_returns_404" time="0.363" /><testcase classname="backend.tests.test_iteration5_license_delete_cleanup.TestLicenseDelete" name="test_bulk_delete_empty_filter_400" time="0.114" /><testcase classname="backend.tests.test_iteration5_license_delete_cleanup.TestLicenseDelete" name="test_bulk_delete_by_status_revoked" time="0.782" /><testcase classname="backend.tests.test_iteration5_license_delete_cleanup.TestLicenseDelete" name="test_bulk_delete_by_keys" time="0.308" /><testcase classname="backend.tests.test_iteration5_license_delete_cleanup.TestLicenseDelete" name="test_cleanup" time="0.635" /><testcase classname="backend.tests.test_iteration5_license_delete_cleanup.TestLicenseDelete" name="test_bulk_delete_trial_does_not_touch_active" time="0.393" /><testcase classname="backend.tests.test_iteration5_license_delete_cleanup.TestLicenseValidatePublic" name="test_validate_no_admin_required" time="0.108" /><testcase classname="backend.tests.test_iteration5_license_delete_cleanup.TestLicenseValidatePublic" name="test_heartbeat_alias_if_present" time="0.145" /><testcase classname="backend.tests.test_iteration5_license_delete_cleanup.TestLinks" name="test_create_and_list_link" time="1.341" /></testsuite></testsuites>