<?xml version="1.0" encoding="utf-8"?><testsuites name="pytest tests"><testsuite name="pytest" errors="0" failures="0" skipped="0" tests="6" time="24.097" timestamp="2026-05-18T12:41:38.431458+00:00" hostname="agent-env-fb58cf0a-958a-4204-a505-427595301570"><testcase classname="backend.tests.test_iteration10_adspower_test_and_unique_ips.TestAdsPowerConfigTest" name="test_test_endpoint_offline" time="0.560" /><testcase classname="backend.tests.test_iteration10_adspower_test_and_unique_ips.TestAdsPowerConfigTest" name="test_test_endpoint_404_unknown_cid" time="0.118" /><testcase classname="backend.tests.test_iteration10_adspower_test_and_unique_ips.TestAdsPowerConfigTest" name="test_test_endpoint_403_without_feature" time="0.224" /><testcase classname="backend.tests.test_iteration10_adspower_test_and_unique_ips.TestAdsPowerConfigTest" name="test_test_endpoint_online_sim_enqueues_bridge_job_and_times_out" time="18.356" /><testcase classname="backend.tests.test_iteration10_adspower_test_and_unique_ips.TestGenerateUniqueIPsAndConfigName" name="test_verify_unique_ips_true_fastfails_with_fake_creds" time="4.402" /><testcase classname="backend.tests.test_iteration10_adspower_test_and_unique_ips.TestGenerateUniqueIPsAndConfigName" name="test_verify_unique_ips_false_fast_path_with_config_name" time="0.269" /></testsuite></testsuites>