<?xml version="1.0" encoding="utf-8"?><testsuites name="pytest tests"><testsuite name="pytest" errors="0" failures="1" skipped="0" tests="14" time="6.749" timestamp="2026-05-18T12:21:00.282467+00:00" hostname="agent-env-fb58cf0a-958a-4204-a505-427595301570"><testcase classname="backend.tests.test_iteration9_profile_builder_fast.TestFastGenerationAndRichFields" name="test_generate_instagram_any_count10_fast" time="0.907"><failure message="AssertionError: assert 0 == 10&#10; +  where 0 = &lt;built-in method get of dict object at 0xfaa901a7d180&gt;('done', 0)&#10; +    where &lt;built-in method get of dict object at 0xfaa901a7d180&gt; = {'completed_at': '2026-05-18T12:21:01.218819+00:00', 'config_id': '29df034733b44942b009d78c57561c6e', 'count': 10, 'created_at': '2026-05-18T12:21:01.209754+00:00', ...}.get">backend/tests/test_iteration9_profile_builder_fast.py:135: in test_generate_instagram_any_count10_fast
    assert final.get("done", 0) == 10
E   AssertionError: assert 0 == 10
E    +  where 0 = &lt;built-in method get of dict object at 0xfaa901a7d180&gt;('done', 0)
E    +    where &lt;built-in method get of dict object at 0xfaa901a7d180&gt; = {'completed_at': '2026-05-18T12:21:01.218819+00:00', 'config_id': '29df034733b44942b009d78c57561c6e', 'count': 10, 'created_at': '2026-05-18T12:21:01.209754+00:00', ...}.get</failure></testcase><testcase classname="backend.tests.test_iteration9_profile_builder_fast.TestFastGenerationAndRichFields" name="test_profiles_have_rich_fields" time="0.101" /><testcase classname="backend.tests.test_iteration9_profile_builder_fast.TestFastGenerationAndRichFields" name="test_wipe_existing_replaces_old_profiles" time="0.416" /><testcase classname="backend.tests.test_iteration9_profile_builder_fast.TestUAConfigVariants" name="test_tiktok_android" time="0.368" /><testcase classname="backend.tests.test_iteration9_profile_builder_fast.TestUAConfigVariants" name="test_instagram_ios" time="0.307" /><testcase classname="backend.tests.test_iteration9_profile_builder_fast.TestExportAndClear" name="test_export_xlsx" time="0.407" /><testcase classname="backend.tests.test_iteration9_profile_builder_fast.TestExportAndClear" name="test_delete_all_profiles" time="0.174" /><testcase classname="backend.tests.test_iteration9_profile_builder_fast.TestCountValidation" name="test_count_zero" time="0.103" /><testcase classname="backend.tests.test_iteration9_profile_builder_fast.TestCountValidation" name="test_count_too_high" time="0.094" /><testcase classname="backend.tests.test_iteration9_profile_builder_fast.TestCountValidation" name="test_count_200_accepted" time="2.175" /><testcase classname="backend.tests.test_iteration9_profile_builder_fast.TestPushBackgrounded" name="test_push_true_creates_bridge_job_but_completes" time="0.290" /><testcase classname="backend.tests.test_iteration9_profile_builder_fast.TestFeatureGatingForNewEndpoints" name="test_export_403" time="1.072" /><testcase classname="backend.tests.test_iteration9_profile_builder_fast.TestFeatureGatingForNewEndpoints" name="test_delete_profiles_403" time="0.090" /><testcase classname="backend.tests.test_iteration9_profile_builder_fast.TestFeatureGatingForNewEndpoints" name="test_generate_403" time="0.081" /></testsuite></testsuites>