<?xml version="1.0" encoding="utf-8"?><testsuites name="pytest tests"><testsuite name="pytest" errors="0" failures="0" skipped="0" tests="13" time="2.064" timestamp="2026-05-13T15:05:47.116413+00:00" hostname="agent-env-f4c82ec8-fcbe-4229-b1e8-cb5b1da8ffcb"><testcase classname="backend.tests.test_iteration3_restore_smoke.TestHealth" name="test_health_returns_200_mongo_ok" time="0.296" /><testcase classname="backend.tests.test_iteration3_restore_smoke.TestAdminLogin" name="test_admin_login_returns_token_and_flag" time="0.115" /><testcase classname="backend.tests.test_iteration3_restore_smoke.TestUserAuth" name="test_register_creates_user" time="0.431" /><testcase classname="backend.tests.test_iteration3_restore_smoke.TestUserAuth" name="test_login_with_module_user_returns_token" time="0.376" /><testcase classname="backend.tests.test_iteration3_restore_smoke.TestLinks" name="test_links_requires_auth" time="0.074" /><testcase classname="backend.tests.test_iteration3_restore_smoke.TestLinks" name="test_links_list_authenticated" time="0.079" /><testcase classname="backend.tests.test_iteration3_restore_smoke.TestLinks" name="test_links_create_authenticated" time="0.078" /><testcase classname="backend.tests.test_iteration3_restore_smoke.TestCpiOffers" name="test_cpi_offers_requires_auth" time="0.081" /><testcase classname="backend.tests.test_iteration3_restore_smoke.TestCpiOffers" name="test_cpi_offers_user_auth" time="0.079" /><testcase classname="backend.tests.test_iteration3_restore_smoke.TestCpiOffers" name="test_cpi_offers_admin_token_user_not_found" time="0.076" /><testcase classname="backend.tests.test_iteration3_restore_smoke.TestLicense" name="test_license_config" time="0.096" /><testcase classname="backend.tests.test_iteration3_restore_smoke.TestLicense" name="test_license_start_trial" time="0.081" /><testcase classname="backend.tests.test_iteration3_restore_smoke.TestLicense" name="test_license_checkout_returns_410" time="0.087" /></testsuite></testsuites>