<?xml version="1.0" encoding="utf-8"?><testsuites name="pytest tests"><testsuite name="pytest" errors="0" failures="0" skipped="0" tests="21" time="4.448" timestamp="2026-05-18T11:41:53.375638+00:00" hostname="agent-env-fb58cf0a-958a-4204-a505-427595301570"><testcase classname="backend.tests.test_iteration8_profile_builder.TestStatic" name="test_states_returns_50" time="0.306" /><testcase classname="backend.tests.test_iteration8_profile_builder.TestStatic" name="test_ua_templates_keys" time="0.084" /><testcase classname="backend.tests.test_iteration8_profile_builder.TestGatingDisabled" name="test_configs_get_403" time="1.169" /><testcase classname="backend.tests.test_iteration8_profile_builder.TestGatingDisabled" name="test_configs_post_403" time="0.111" /><testcase classname="backend.tests.test_iteration8_profile_builder.TestGatingDisabled" name="test_proxy_creds_get_403" time="0.096" /><testcase classname="backend.tests.test_iteration8_profile_builder.TestGatingDisabled" name="test_proxy_creds_post_403" time="0.091" /><testcase classname="backend.tests.test_iteration8_profile_builder.TestGatingDisabled" name="test_generate_403" time="0.080" /><testcase classname="backend.tests.test_iteration8_profile_builder.TestGatingDisabled" name="test_jobs_403" time="0.084" /><testcase classname="backend.tests.test_iteration8_profile_builder.TestGatingDisabled" name="test_profiles_403" time="0.095" /><testcase classname="backend.tests.test_iteration8_profile_builder.TestAdminToggle" name="test_admin_enables_profile_builder" time="0.467" /><testcase classname="backend.tests.test_iteration8_profile_builder.TestEnabledFlow" name="test_config_missing_api_key_400" time="0.097" /><testcase classname="backend.tests.test_iteration8_profile_builder.TestEnabledFlow" name="test_save_config_then_list" time="0.155" /><testcase classname="backend.tests.test_iteration8_profile_builder.TestEnabledFlow" name="test_save_proxy_creds" time="0.159" /><testcase classname="backend.tests.test_iteration8_profile_builder.TestEnabledFlow" name="test_generate_validation_count_zero" time="0.095" /><testcase classname="backend.tests.test_iteration8_profile_builder.TestEnabledFlow" name="test_generate_validation_count_too_high" time="0.077" /><testcase classname="backend.tests.test_iteration8_profile_builder.TestEnabledFlow" name="test_generate_validation_invalid_state" time="0.105" /><testcase classname="backend.tests.test_iteration8_profile_builder.TestEnabledFlow" name="test_generate_validation_missing_config_id" time="0.079" /><testcase classname="backend.tests.test_iteration8_profile_builder.TestEnabledFlow" name="test_jobs_invalid_id_404" time="0.130" /><testcase classname="backend.tests.test_iteration8_profile_builder.TestEnabledFlow" name="test_generate_returns_job_id" time="0.084" /><testcase classname="backend.tests.test_iteration8_profile_builder.TestEnabledFlow" name="test_delete_config" time="0.172" /><testcase classname="backend.tests.test_iteration8_profile_builder.TestRegistrationDefaults" name="test_new_user_profile_builder_false" time="0.574" /></testsuite></testsuites>