<?xml version="1.0" encoding="utf-8"?><testsuites name="pytest tests"><testsuite name="pytest" errors="0" failures="0" skipped="0" tests="19" time="1.517" timestamp="2026-05-13T16:28:24.212786+00:00" hostname="agent-env-f4c82ec8-fcbe-4229-b1e8-cb5b1da8ffcb"><testcase classname="backend.tests.test_iteration4_hardware_profile.TestHardwareProfile" name="test_endpoint_returns_200" time="0.376" /><testcase classname="backend.tests.test_iteration4_hardware_profile.TestHardwareProfile" name="test_response_shape" time="0.249" /><testcase classname="backend.tests.test_iteration4_hardware_profile.TestHardwareProfile" name="test_high_tier_for_preview_host" time="0.136" /><testcase classname="backend.tests.test_iteration4_hardware_profile.TestHardwareProfile" name="test_applied_matches_recommendation_on_preview" time="0.120" /><testcase classname="backend.tests.test_iteration4_hardware_profile.TestHardwareProfile" name="test_cpu_ceiling_logic" time="0.192" /><testcase classname="backend.tests.test_iteration4_hardware_profile.TestRegressionSmoke" name="test_diagnostics_health_still_ok" time="0.168" /><testcase classname="backend.tests.test_iteration4_hardware_profile.TestRegressionSmoke" name="test_admin_login_still_works" time="0.113" /><testcase classname="backend.tests.test_iteration4_hardware_profile.TestDetectHardwareShellScript" name="test_script_exists_and_executable" time="0.000" /><testcase classname="backend.tests.test_iteration4_hardware_profile.TestDetectHardwareShellScript" name="test_human_flag_exits_0_and_prints_tier" time="0.011" /><testcase classname="backend.tests.test_iteration4_hardware_profile.TestDetectHardwareShellScript" name="test_default_emits_evaluable_env" time="0.028" /><testcase classname="backend.tests.test_iteration4_hardware_profile.TestCompanionFilesExist" name="test_file_exists_non_empty[/app/scripts/detect-hardware.ps1]" time="0.000" /><testcase classname="backend.tests.test_iteration4_hardware_profile.TestCompanionFilesExist" name="test_file_exists_non_empty[/app/docker-compose.micro.yml]" time="0.000" /><testcase classname="backend.tests.test_iteration4_hardware_profile.TestCompanionFilesExist" name="test_file_exists_non_empty[/app/docker-compose.lowram.yml]" time="0.000" /><testcase classname="backend.tests.test_iteration4_hardware_profile.TestCompanionFilesExist" name="test_file_exists_non_empty[/app/docker-compose.mid.yml]" time="0.000" /><testcase classname="backend.tests.test_iteration4_hardware_profile.TestCompanionFilesExist" name="test_file_exists_non_empty[/app/docker-compose.high.yml]" time="0.000" /><testcase classname="backend.tests.test_iteration4_hardware_profile.TestCompanionFilesExist" name="test_file_exists_non_empty[/app/docker-compose.beast.yml]" time="0.000" /><testcase classname="backend.tests.test_iteration4_hardware_profile.TestCompanionFilesExist" name="test_file_exists_non_empty[/app/RealFlow-RETUNE.bat]" time="0.000" /><testcase classname="backend.tests.test_iteration4_hardware_profile.TestCompanionFilesExist" name="test_file_exists_non_empty[/app/RealFlow-RETUNE.sh]" time="0.000" /><testcase classname="backend.tests.test_iteration4_hardware_profile.TestCompanionFilesExist" name="test_file_exists_non_empty[/app/PERFORMANCE-PROFILES.md]" time="0.000" /></testsuite></testsuites>