<?xml version="1.0" encoding="utf-8"?><testsuites name="pytest tests"><testsuite name="pytest" errors="0" failures="0" skipped="0" tests="12" time="1.838" timestamp="2026-05-14T07:01:05.599099+00:00" hostname="agent-env-0b3af91f-717f-4d69-8535-d337085046bf"><testcase classname="backend.tests.test_iteration6_clone_smoke.TestDiagnostics" name="test_health_200_and_mongo_ok" time="0.137" /><testcase classname="backend.tests.test_iteration6_clone_smoke.TestDiagnostics" name="test_hardware_profile" time="0.053" /><testcase classname="backend.tests.test_iteration6_clone_smoke.TestAdminAuth" name="test_admin_login_returns_jwt" time="0.048" /><testcase classname="backend.tests.test_iteration6_clone_smoke.TestAdminAuth" name="test_admin_login_bad_credentials" time="0.046" /><testcase classname="backend.tests.test_iteration6_clone_smoke.TestLicense" name="test_public_license_config" time="0.046" /><testcase classname="backend.tests.test_iteration6_clone_smoke.TestLicense" name="test_admin_license_list_requires_jwt" time="0.048" /><testcase classname="backend.tests.test_iteration6_clone_smoke.TestLicense" name="test_admin_license_list_with_jwt" time="0.097" /><testcase classname="backend.tests.test_iteration6_clone_smoke.TestUserAuth" name="test_register_login_and_jwt" time="0.840" /><testcase classname="backend.tests.test_iteration6_clone_smoke.TestUserAuth" name="test_login_bad_password" time="0.269" /><testcase classname="backend.tests.test_iteration6_clone_smoke.TestUserAuth" name="test_register_duplicate_email_rejected" time="0.046" /><testcase classname="backend.tests.test_iteration6_clone_smoke.TestLinks" name="test_links_requires_jwt" time="0.043" /><testcase classname="backend.tests.test_iteration6_clone_smoke.TestLinks" name="test_links_list_with_jwt" time="0.047" /></testsuite></testsuites>