<?xml version="1.0" encoding="utf-8"?><testsuites name="pytest tests"><testsuite name="pytest" errors="0" failures="0" skipped="0" tests="28" time="55.106" timestamp="2026-06-06T10:20:13.612704+00:00" hostname="agent-env-98e7b8f0-090a-46bf-8c33-c772fc323582"><testcase classname="backend.tests.test_iteration12_feature_gating.TestAuthSmoke" name="test_admin_login" time="0.219" /><testcase classname="backend.tests.test_iteration12_feature_gating.TestAuthSmoke" name="test_user_login" time="0.336" /><testcase classname="backend.tests.test_iteration12_feature_gating.TestAuthSmoke" name="test_admin_can_get_user" time="0.083" /><testcase classname="backend.tests.test_iteration12_feature_gating" name="test_feature_disabled_returns_403[form_filler-method_ep0]" time="0.861" /><testcase classname="backend.tests.test_iteration12_feature_gating" name="test_feature_disabled_returns_403[email_checker-method_ep1]" time="0.859" /><testcase classname="backend.tests.test_iteration12_feature_gating" name="test_feature_disabled_returns_403[separate_data-method_ep2]" time="0.879" /><testcase classname="backend.tests.test_iteration12_feature_gating" name="test_feature_disabled_returns_403[ua_generator-method_ep3]" time="0.891" /><testcase classname="backend.tests.test_iteration12_feature_gating" name="test_feature_disabled_returns_403[conversions-method_ep4]" time="0.866" /><testcase classname="backend.tests.test_iteration12_feature_gating" name="test_feature_disabled_returns_403[links-method_ep5]" time="0.913" /><testcase classname="backend.tests.test_iteration12_feature_gating" name="test_feature_disabled_returns_403[clicks-method_ep6]" time="0.905" /><testcase classname="backend.tests.test_iteration12_feature_gating" name="test_feature_disabled_returns_403[real_user_traffic-method_ep7]" time="34.441" /><testcase classname="backend.tests.test_iteration12_feature_gating" name="test_feature_disabled_returns_403[profile_builder-method_ep8]" time="0.881" /><testcase classname="backend.tests.test_iteration12_feature_gating" name="test_feature_disabled_returns_403[proxies-method_ep9]" time="0.864" /><testcase classname="backend.tests.test_iteration12_feature_gating" name="test_feature_disabled_returns_403[import_traffic-method_ep10]" time="0.856" /><testcase classname="backend.tests.test_iteration12_feature_gating" name="test_feature_disabled_returns_403[cpi-method_ep11]" time="0.871" /><testcase classname="backend.tests.test_iteration12_feature_gating" name="test_feature_enabled_returns_non_403[form_filler-method_ep0]" time="0.798" /><testcase classname="backend.tests.test_iteration12_feature_gating" name="test_feature_enabled_returns_non_403[email_checker-method_ep1]" time="1.056" /><testcase classname="backend.tests.test_iteration12_feature_gating" name="test_feature_enabled_returns_non_403[separate_data-method_ep2]" time="0.842" /><testcase classname="backend.tests.test_iteration12_feature_gating" name="test_feature_enabled_returns_non_403[ua_generator-method_ep3]" time="0.813" /><testcase classname="backend.tests.test_iteration12_feature_gating" name="test_feature_enabled_returns_non_403[conversions-method_ep4]" time="0.769" /><testcase classname="backend.tests.test_iteration12_feature_gating" name="test_feature_enabled_returns_non_403[links-method_ep5]" time="0.762" /><testcase classname="backend.tests.test_iteration12_feature_gating" name="test_feature_enabled_returns_non_403[clicks-method_ep6]" time="0.810" /><testcase classname="backend.tests.test_iteration12_feature_gating" name="test_feature_enabled_returns_non_403[real_user_traffic-method_ep7]" time="0.790" /><testcase classname="backend.tests.test_iteration12_feature_gating" name="test_feature_enabled_returns_non_403[profile_builder-method_ep8]" time="0.779" /><testcase classname="backend.tests.test_iteration12_feature_gating" name="test_feature_enabled_returns_non_403[proxies-method_ep9]" time="0.767" /><testcase classname="backend.tests.test_iteration12_feature_gating" name="test_feature_enabled_returns_non_403[import_traffic-method_ep10]" time="0.780" /><testcase classname="backend.tests.test_iteration12_feature_gating" name="test_feature_enabled_returns_non_403[cpi-method_ep11]" time="0.790" /><testcase classname="backend.tests.test_iteration12_feature_gating" name="test_zz_restore_all_features" time="0.502" /></testsuite></testsuites>