<?xml version="1.0" encoding="utf-8"?><testsuites name="pytest tests"><testsuite name="pytest" errors="0" failures="0" skipped="0" tests="14" time="2.976" timestamp="2026-05-15T23:35:43.308659+00:00" hostname="agent-env-fb58cf0a-958a-4204-a505-427595301570"><testcase classname="backend.tests.test_iteration7_crypto_payment" name="test_list_plans_public" time="0.385" /><testcase classname="backend.tests.test_iteration7_crypto_payment" name="test_active_wallet_matches_env" time="0.068" /><testcase classname="backend.tests.test_iteration7_crypto_payment" name="test_order_create_shape" time="0.358" /><testcase classname="backend.tests.test_iteration7_crypto_payment" name="test_order_create_invalid_plan" time="0.068" /><testcase classname="backend.tests.test_iteration7_crypto_payment" name="test_get_order_status" time="0.066" /><testcase classname="backend.tests.test_iteration7_crypto_payment" name="test_get_order_not_found" time="0.067" /><testcase classname="backend.tests.test_iteration7_crypto_payment" name="test_submit_txid_short_rejected" time="0.071" /><testcase classname="backend.tests.test_iteration7_crypto_payment" name="test_submit_txid_duplicate_rejected" time="0.395" /><testcase classname="backend.tests.test_iteration7_crypto_payment" name="test_admin_list_orders_requires_auth" time="0.066" /><testcase classname="backend.tests.test_iteration7_crypto_payment" name="test_admin_list_submitted" time="0.226" /><testcase classname="backend.tests.test_iteration7_crypto_payment" name="test_admin_approve_issues_license" time="0.264" /><testcase classname="backend.tests.test_iteration7_crypto_payment" name="test_admin_approve_idempotent_rejects_double" time="0.068" /><testcase classname="backend.tests.test_iteration7_crypto_payment" name="test_admin_reject_with_reason" time="0.682" /><testcase classname="backend.tests.test_iteration7_crypto_payment" name="test_admin_can_filter_by_approved" time="0.074" /></testsuite></testsuites>