<?xml version="1.0" encoding="utf-8"?><testsuites name="pytest tests"><testsuite name="pytest" errors="0" failures="0" skipped="0" tests="17" time="0.975" timestamp="2026-05-18T15:21:57.845816+00:00" hostname="agent-env-fb58cf0a-958a-4204-a505-427595301570"><testcase classname="backend.tests.test_iteration11_rut_tunnel_retry.TestSourceCodeContainsRetryBlock" name="test_all_8_tunnel_tokens_present" time="0.020" /><testcase classname="backend.tests.test_iteration11_rut_tunnel_retry.TestSourceCodeContainsRetryBlock" name="test_max_tunnel_retries_is_2" time="0.000" /><testcase classname="backend.tests.test_iteration11_rut_tunnel_retry.TestSourceCodeContainsRetryBlock" name="test_retry_loop_calls_pick_next_proxy" time="0.000" /><testcase classname="backend.tests.test_iteration11_rut_tunnel_retry.TestSourceCodeContainsRetryBlock" name="test_retry_loop_closes_old_context_before_rebuild" time="0.000" /><testcase classname="backend.tests.test_iteration11_rut_tunnel_retry.TestSourceCodeContainsRetryBlock" name="test_retry_keeps_same_ua_and_fingerprint" time="0.000" /><testcase classname="backend.tests.test_iteration11_rut_tunnel_retry.TestSourceCodeContainsRetryBlock" name="test_friendly_error_message_present" time="0.003" /><testcase classname="backend.tests.test_iteration11_rut_tunnel_retry.TestSourceCodeContainsRetryBlock" name="test_non_tunnel_error_short_circuits" time="0.000" /><testcase classname="backend.tests.test_iteration11_rut_tunnel_retry.TestRetryLoopBehavior" name="test_two_tunnel_failures_then_success" time="0.001" /><testcase classname="backend.tests.test_iteration11_rut_tunnel_retry.TestRetryLoopBehavior" name="test_all_tunnel_failures_exhausts_retries" time="0.000" /><testcase classname="backend.tests.test_iteration11_rut_tunnel_retry.TestRetryLoopBehavior" name="test_non_tunnel_error_does_not_rotate" time="0.000" /><testcase classname="backend.tests.test_iteration11_rut_tunnel_retry.TestRetryLoopBehavior" name="test_pick_next_proxy_returns_none_short_circuits" time="0.000" /><testcase classname="backend.tests.test_iteration11_rut_tunnel_retry.TestRetryLoopBehavior" name="test_each_listed_tunnel_token_triggers_rotation" time="0.000" /><testcase classname="backend.tests.test_iteration11_rut_tunnel_retry.TestRegressionEndpoints" name="test_health" time="0.121" /><testcase classname="backend.tests.test_iteration11_rut_tunnel_retry.TestRegressionEndpoints" name="test_user_agents_options" time="0.455" /><testcase classname="backend.tests.test_iteration11_rut_tunnel_retry.TestRegressionEndpoints" name="test_adspower_configs" time="0.089" /><testcase classname="backend.tests.test_iteration11_rut_tunnel_retry.TestRegressionEndpoints" name="test_rut_create_job_invalid_payload_no_500" time="0.086" /><testcase classname="backend.tests.test_iteration11_rut_tunnel_retry.TestRegressionEndpoints" name="test_rut_list_jobs" time="0.090" /></testsuite></testsuites>