<?xml version="1.0" encoding="utf-8"?><testsuites name="pytest tests"><testsuite name="pytest" errors="0" failures="0" skipped="0" tests="21" time="7.026" timestamp="2026-05-14T07:01:14.556307+00:00" hostname="agent-env-0b3af91f-717f-4d69-8535-d337085046bf"><testcase classname="backend.tests.test_iteration5_license_delete_cleanup.TestDiagnostics" name="test_health" time="0.157" /><testcase classname="backend.tests.test_iteration5_license_delete_cleanup.TestDiagnostics" name="test_hardware_profile" time="0.092" /><testcase classname="backend.tests.test_iteration5_license_delete_cleanup.TestAdminAuth" name="test_admin_login" time="0.083" /><testcase classname="backend.tests.test_iteration5_license_delete_cleanup.TestAdminAuth" name="test_admin_login_wrong_password" time="0.116" /><testcase classname="backend.tests.test_iteration5_license_delete_cleanup.TestUserAuth" name="test_user_register_pending_then_admin_approve" time="1.692" /><testcase classname="backend.tests.test_iteration5_license_delete_cleanup.TestLicenseFlows" name="test_license_config" time="0.142" /><testcase classname="backend.tests.test_iteration5_license_delete_cleanup.TestLicenseFlows" name="test_start_trial" time="0.117" /><testcase classname="backend.tests.test_iteration5_license_delete_cleanup.TestLicenseFlows" name="test_issue_license" time="0.089" /><testcase classname="backend.tests.test_iteration5_license_delete_cleanup.TestLicenseFlows" name="test_list_licenses" time="0.091" /><testcase classname="backend.tests.test_iteration5_license_delete_cleanup.TestLicenseFlows" name="test_extend_license" time="0.171" /><testcase classname="backend.tests.test_iteration5_license_delete_cleanup.TestLicenseFlows" name="test_revoke_license" time="0.315" /><testcase classname="backend.tests.test_iteration5_license_delete_cleanup.TestLicenseDelete" name="test_delete_single" time="0.190" /><testcase classname="backend.tests.test_iteration5_license_delete_cleanup.TestLicenseDelete" name="test_delete_already_deleted_returns_404" time="0.281" /><testcase classname="backend.tests.test_iteration5_license_delete_cleanup.TestLicenseDelete" name="test_bulk_delete_empty_filter_400" time="0.086" /><testcase classname="backend.tests.test_iteration5_license_delete_cleanup.TestLicenseDelete" name="test_bulk_delete_by_status_revoked" time="0.659" /><testcase classname="backend.tests.test_iteration5_license_delete_cleanup.TestLicenseDelete" name="test_bulk_delete_by_keys" time="0.248" /><testcase classname="backend.tests.test_iteration5_license_delete_cleanup.TestLicenseDelete" name="test_cleanup" time="0.532" /><testcase classname="backend.tests.test_iteration5_license_delete_cleanup.TestLicenseDelete" name="test_bulk_delete_trial_does_not_touch_active" time="0.328" /><testcase classname="backend.tests.test_iteration5_license_delete_cleanup.TestLicenseValidatePublic" name="test_validate_no_admin_required" time="0.089" /><testcase classname="backend.tests.test_iteration5_license_delete_cleanup.TestLicenseValidatePublic" name="test_heartbeat_alias_if_present" time="0.078" /><testcase classname="backend.tests.test_iteration5_license_delete_cleanup.TestLinks" name="test_create_and_list_link" time="1.282" /></testsuite></testsuites>