<?xml version="1.0" encoding="utf-8"?><testsuites name="pytest tests"><testsuite name="pytest" errors="0" failures="0" skipped="0" tests="18" time="3.374" timestamp="2026-05-12T09:34:55.146231+00:00" hostname="agent-env-e6ee91f4-ab81-4fae-a6e1-bd5924a6978e"><testcase classname="backend.tests.test_realflow_core.TestDiagnostics" name="test_health_ok" time="0.359" /><testcase classname="backend.tests.test_realflow_core.TestAdminAuth" name="test_admin_login_success" time="0.064" /><testcase classname="backend.tests.test_realflow_core.TestAdminAuth" name="test_admin_login_invalid" time="0.058" /><testcase classname="backend.tests.test_realflow_core.TestUserAuth" name="test_register_and_login" time="0.729" /><testcase classname="backend.tests.test_realflow_core.TestUserAuth" name="test_register_duplicate_rejected" time="0.062" /><testcase classname="backend.tests.test_realflow_core.TestUserAuth" name="test_login_invalid_password" time="0.288" /><testcase classname="backend.tests.test_realflow_core.TestLinks" name="test_links_blocked_for_pending_user" time="0.062" /><testcase classname="backend.tests.test_realflow_core.TestLinks" name="test_links_unauthorized_without_token" time="0.059" /><testcase classname="backend.tests.test_realflow_core.TestLinks" name="test_links_after_admin_activates_user" time="0.213" /><testcase classname="backend.tests.test_realflow_core.TestLinks" name="test_create_link_then_list" time="0.193" /><testcase classname="backend.tests.test_realflow_core.TestCPI" name="test_cpi_offers_listable_after_feature_enabled" time="0.059" /><testcase classname="backend.tests.test_realflow_core.TestCPI" name="test_cpi_unauthorized" time="0.057" /><testcase classname="backend.tests.test_realflow_core.TestNoCriticalErrors" name="test_no_5xx_on_core_paths[/api/diagnostics/health]" time="0.059" /><testcase classname="backend.tests.test_realflow_core.TestNoCriticalErrors" name="test_no_5xx_on_core_paths[/api/admin/login]" time="0.054" /><testcase classname="backend.tests.test_realflow_core.TestNoCriticalErrors" name="test_no_5xx_on_core_paths[/api/auth/login]" time="0.058" /><testcase classname="backend.tests.test_realflow_core.TestNoCriticalErrors" name="test_no_5xx_on_core_paths[/api/auth/register]" time="0.351" /><testcase classname="backend.tests.test_realflow_core.TestNoCriticalErrors" name="test_no_5xx_on_core_paths[/api/links]" time="0.058" /><testcase classname="backend.tests.test_realflow_core.TestNoCriticalErrors" name="test_no_5xx_on_core_paths[/api/cpi/offers]" time="0.469" /></testsuite></testsuites>