<?xml version="1.0" encoding="utf-8"?><testsuites name="pytest tests"><testsuite name="pytest" errors="0" failures="0" skipped="1" tests="23" time="1.844" timestamp="2026-07-22T21:26:54.748583+00:00" hostname="agent-env-d8a047c1-875d-4ded-827a-6635047dd9c3"><testcase classname="backend.tests.test_v2_6_26_paid_organic_and_referrer_chain" name="test_resolve_pro_visit_returns_is_paid_paid_tiktok" time="0.023" /><testcase classname="backend.tests.test_v2_6_26_paid_organic_and_referrer_chain" name="test_resolve_pro_visit_returns_is_paid_organic_facebook" time="0.001" /><testcase classname="backend.tests.test_v2_6_26_paid_organic_and_referrer_chain" name="test_resolve_pro_visit_search_paid_google" time="0.000" /><testcase classname="backend.tests.test_v2_6_26_paid_organic_and_referrer_chain" name="test_resolve_pro_visit_auto_mode_derives_from_platform" time="0.000" /><testcase classname="backend.tests.test_v2_6_26_paid_organic_and_referrer_chain" name="test_resolve_pro_visit_mixed_traffic_type_produces_both" time="0.004" /><testcase classname="backend.tests.test_v2_6_26_paid_organic_and_referrer_chain" name="test_tracker_injects_sub2_paid_when_empty" time="0.000" /><testcase classname="backend.tests.test_v2_6_26_paid_organic_and_referrer_chain" name="test_tracker_does_not_overwrite_existing_sub2" time="0.000" /><testcase classname="backend.tests.test_v2_6_26_paid_organic_and_referrer_chain" name="test_tracker_injects_organic" time="0.000" /><testcase classname="backend.tests.test_v2_6_26_paid_organic_and_referrer_chain" name="test_tracker_honours_custom_traffic_type_param_key" time="0.000" /><testcase classname="backend.tests.test_v2_6_26_paid_organic_and_referrer_chain" name="test_tracker_rejects_invalid_key" time="0.000" /><testcase classname="backend.tests.test_v2_6_26_paid_organic_and_referrer_chain" name="test_tracker_skips_when_traffic_type_is_auto" time="0.000" /><testcase classname="backend.tests.test_v2_6_26_tiktok_android_browser_detection_fix" name="test_ua_tiktok_android_carries_tiktok_slash_ver_marker" time="0.001" /><testcase classname="backend.tests.test_v2_6_26_tiktok_android_browser_detection_fix" name="test_build_inapp_ua_suffix_tiktok_android_carries_tiktok_ver" time="0.000" /><testcase classname="backend.tests.test_v2_6_26_tiktok_android_browser_detection_fix" name="test_build_inapp_ua_suffix_tiktok_ios_unchanged" time="0.000" /><testcase classname="backend.tests.test_v2_6_26_tiktok_android_browser_detection_fix" name="test_strip_foreign_tiktok_markers_removes_TikTok_slash_ver_too" time="0.002" /><testcase classname="backend.tests.test_v2_6_26_tiktok_android_browser_detection_fix" name="test_coerce_ua_for_platform_tiktok_preserves_TikTok_slash_ver" time="0.000" /><testcase classname="backend.tests.test_v2_6_26_tiktok_android_browser_detection_fix" name="test_ua_tiktok_android_non_samsung_brands_still_get_marker" time="0.000" /><testcase classname="backend.tests.test_v2_6_26_regression_and_customer_scenario" name="test_ua_tiktok_ios_does_NOT_carry_TikTok_slash_ver" time="0.001" /><testcase classname="backend.tests.test_v2_6_26_regression_and_customer_scenario" name="test_ua_facebook_android_no_tiktok_leak" time="0.000" /><testcase classname="backend.tests.test_v2_6_26_regression_and_customer_scenario" name="test_ua_instagram_android_no_tiktok_leak" time="0.000"><skipped type="pytest.skip" message="ig android generator sig differs: 'vendor'">/app/backend/tests/test_v2_6_26_regression_and_customer_scenario.py:62: ig android generator sig differs: 'vendor'</skipped></testcase><testcase classname="backend.tests.test_v2_6_26_regression_and_customer_scenario" name="test_ua_instagram_ios_no_tiktok_leak" time="0.000" /><testcase classname="backend.tests.test_v2_6_26_regression_and_customer_scenario" name="test_customer_scenario_ua_parses_show_TikTok_slash_ver_slug" time="0.001" /><testcase classname="backend.tests.test_v2_6_26_regression_and_customer_scenario" name="test_coerce_out_of_tiktok_for_all_platforms" time="0.002" /></testsuite></testsuites>