<?xml version="1.0" encoding="utf-8"?><testsuites name="pytest tests"><testsuite name="pytest" errors="0" failures="0" skipped="1" tests="140" time="1.658" timestamp="2026-07-23T09:12:15.642140+00:00" hostname="agent-env-d8a047c1-875d-4ded-827a-6635047dd9c3"><testcase classname="tests.test_v2_6_17_comprehensive_fix" name="test_version_bumped_to_2_6_17_or_higher" time="0.019" /><testcase classname="tests.test_v2_6_17_comprehensive_fix" name="test_access_denied_removed_from_vpn_phrases" time="0.002" /><testcase classname="tests.test_v2_6_17_comprehensive_fix" name="test_detectors_accept_http_status_param" time="0.002" /><testcase classname="tests.test_v2_6_17_comprehensive_fix" name="test_tls_prewarm_skipped_for_tracker" time="0.002" /><testcase classname="tests.test_v2_6_17_comprehensive_fix" name="test_persist_burnt_ip_writes_bson_date" time="0.002" /><testcase classname="tests.test_v2_6_17_comprehensive_fix" name="test_server_get_all_click_ips_accepts_offer_url" time="0.005" /><testcase classname="tests.test_v2_6_17_comprehensive_fix" name="test_burnt_ip_admin_endpoints_exist" time="0.005" /><testcase classname="tests.test_v2_6_17_comprehensive_fix" name="test_ttl_index_setup_in_startup" time="0.006" /><testcase classname="tests.test_v2_6_17_comprehensive_fix" name="test_re_module_imported" time="0.007" /><testcase classname="tests.test_v2_6_18_browser_mix_and_utm_fix" name="test_version_bumped_to_2_6_18_or_higher" time="0.001" /><testcase classname="tests.test_v2_6_18_browser_mix_and_utm_fix" name="test_third_party_browser_scrub_in_preset_gate" time="0.002" /><testcase classname="tests.test_v2_6_18_browser_mix_and_utm_fix" name="test_apply_inapp_preset_replaces_third_party_browsers" time="0.000" /><testcase classname="tests.test_v2_6_18_browser_mix_and_utm_fix" name="test_strip_foreign_inapp_markers_covers_third_party" time="0.001" /><testcase classname="tests.test_v2_6_18_browser_mix_and_utm_fix" name="test_coerce_ua_strips_wechat_and_appends_tiktok" time="0.002" /><testcase classname="tests.test_v2_6_18_browser_mix_and_utm_fix" name="test_incoming_query_params_forwarded_to_destination" time="0.009" /><testcase classname="tests.test_v2_6_19_tiktok_ua_rebuild" name="test_version_bumped_to_2_6_19_or_higher" time="0.000" /><testcase classname="tests.test_v2_6_19_tiktok_ua_rebuild" name="test_tiktok_android_ua_uses_cronet_not_chrome" time="0.001" /><testcase classname="tests.test_v2_6_19_tiktok_ua_rebuild" name="test_tiktok_android_preserves_device_and_version" time="0.000" /><testcase classname="tests.test_v2_6_19_tiktok_ua_rebuild" name="test_facebook_android_keeps_chrome_webview" time="0.001" /><testcase classname="tests.test_v2_6_19_tiktok_ua_rebuild" name="test_tiktok_ios_still_uses_webkit_no_safari" time="0.000" /><testcase classname="tests.test_v2_6_19_tiktok_ua_rebuild" name="test_wechat_ua_gets_cronet_after_scrub_and_tiktok_coerce" time="0.000" /><testcase classname="tests.test_v2_6_21_hybrid_ua_leak_fix" name="test_version_at_or_above_2_6_21" time="0.000" /><testcase classname="tests.test_v2_6_21_hybrid_ua_leak_fix" name="test_bug_a_musical_ly_plus_fbav_stripped_on_tiktok_coerce" time="0.000" /><testcase classname="tests.test_v2_6_21_hybrid_ua_leak_fix" name="test_bug_b_musical_ly_plus_chrome_safari_forces_cronet" time="0.000" /><testcase classname="tests.test_v2_6_21_hybrid_ua_leak_fix" name="test_musical_ly_plus_instagram_tokens_stripped" time="0.000" /><testcase classname="tests.test_v2_6_21_hybrid_ua_leak_fix" name="test_plain_android_webview_becomes_cronet_on_tiktok_coerce" time="0.000" /><testcase classname="tests.test_v2_6_21_hybrid_ua_leak_fix" name="test_clean_tiktok_cronet_ua_is_idempotent" time="0.000" /><testcase classname="tests.test_v2_6_21_hybrid_ua_leak_fix" name="test_facebook_inapp_ua_keeps_chrome_and_safari_and_no_musical_ly" time="0.000" /><testcase classname="tests.test_v2_6_21_hybrid_ua_leak_fix" name="test_instagram_target_strips_tiktok_markers" time="0.000" /><testcase classname="tests.test_v2_6_21_hybrid_ua_leak_fix" name="test_ua_tiktok_android_generator_is_cronet_shape" time="0.001" /><testcase classname="tests.test_v2_6_21_hybrid_ua_leak_fix" name="test_ua_tiktok_ios_generator_has_musical_ly_and_no_safari" time="0.000" /><testcase classname="tests.test_v2_6_21_hybrid_ua_leak_fix" name="test_generator_output_is_idempotent_through_coerce" time="0.000" /><testcase classname="tests.test_v2_6_22_custom_url_plus_preset_all_platforms" name="test_custom_url_plus_preset_returns_operator_url[facebook]" time="0.000" /><testcase classname="tests.test_v2_6_22_custom_url_plus_preset_all_platforms" name="test_custom_url_plus_preset_returns_operator_url[messenger]" time="0.000" /><testcase classname="tests.test_v2_6_22_custom_url_plus_preset_all_platforms" name="test_custom_url_plus_preset_returns_operator_url[instagram]" time="0.000" /><testcase classname="tests.test_v2_6_22_custom_url_plus_preset_all_platforms" name="test_custom_url_plus_preset_returns_operator_url[tiktok]" time="0.000" /><testcase classname="tests.test_v2_6_22_custom_url_plus_preset_all_platforms" name="test_custom_url_plus_preset_returns_operator_url[snapchat]" time="0.000" /><testcase classname="tests.test_v2_6_22_custom_url_plus_preset_all_platforms" name="test_custom_url_plus_preset_returns_operator_url[linkedin]" time="0.000" /><testcase classname="tests.test_v2_6_22_custom_url_plus_preset_all_platforms" name="test_custom_url_plus_preset_returns_operator_url[twitter]" time="0.000" /><testcase classname="tests.test_v2_6_22_custom_url_plus_preset_all_platforms" name="test_custom_url_plus_preset_returns_operator_url[pinterest]" time="0.000" /><testcase classname="tests.test_v2_6_22_custom_url_plus_preset_all_platforms" name="test_custom_url_plus_preset_sets_platform_tag[facebook]" time="0.000" /><testcase classname="tests.test_v2_6_22_custom_url_plus_preset_all_platforms" name="test_custom_url_plus_preset_sets_platform_tag[messenger]" time="0.000" /><testcase classname="tests.test_v2_6_22_custom_url_plus_preset_all_platforms" name="test_custom_url_plus_preset_sets_platform_tag[instagram]" time="0.000" /><testcase classname="tests.test_v2_6_22_custom_url_plus_preset_all_platforms" name="test_custom_url_plus_preset_sets_platform_tag[tiktok]" time="0.000" /><testcase classname="tests.test_v2_6_22_custom_url_plus_preset_all_platforms" name="test_custom_url_plus_preset_sets_platform_tag[snapchat]" time="0.000" /><testcase classname="tests.test_v2_6_22_custom_url_plus_preset_all_platforms" name="test_custom_url_plus_preset_sets_platform_tag[linkedin]" time="0.000" /><testcase classname="tests.test_v2_6_22_custom_url_plus_preset_all_platforms" name="test_custom_url_plus_preset_sets_platform_tag[twitter]" time="0.000" /><testcase classname="tests.test_v2_6_22_custom_url_plus_preset_all_platforms" name="test_custom_url_plus_preset_sets_platform_tag[pinterest]" time="0.000" /><testcase classname="tests.test_v2_6_22_custom_url_plus_preset_all_platforms" name="test_ua_coerced_carries_platform_marker_android[facebook-expected_markers0]" time="0.000" /><testcase classname="tests.test_v2_6_22_custom_url_plus_preset_all_platforms" name="test_ua_coerced_carries_platform_marker_android[messenger-expected_markers1]" time="0.000" /><testcase classname="tests.test_v2_6_22_custom_url_plus_preset_all_platforms" name="test_ua_coerced_carries_platform_marker_android[instagram-expected_markers2]" time="0.000" /><testcase classname="tests.test_v2_6_22_custom_url_plus_preset_all_platforms" name="test_ua_coerced_carries_platform_marker_android[tiktok-expected_markers3]" time="0.000" /><testcase classname="tests.test_v2_6_22_custom_url_plus_preset_all_platforms" name="test_ua_coerced_carries_platform_marker_android[snapchat-expected_markers4]" time="0.000" /><testcase classname="tests.test_v2_6_22_custom_url_plus_preset_all_platforms" name="test_ua_coerced_carries_platform_marker_android[linkedin-expected_markers5]" time="0.000" /><testcase classname="tests.test_v2_6_22_custom_url_plus_preset_all_platforms" name="test_ua_coerced_carries_platform_marker_android[twitter-expected_markers6]" time="0.000" /><testcase classname="tests.test_v2_6_22_custom_url_plus_preset_all_platforms" name="test_ua_coerced_carries_platform_marker_android[pinterest-expected_markers7]" time="0.000" /><testcase classname="tests.test_v2_6_22_custom_url_plus_preset_all_platforms" name="test_ua_coerced_carries_platform_marker_ios[facebook-expected_markers0]" time="0.001" /><testcase classname="tests.test_v2_6_22_custom_url_plus_preset_all_platforms" name="test_ua_coerced_carries_platform_marker_ios[messenger-expected_markers1]" time="0.000" /><testcase classname="tests.test_v2_6_22_custom_url_plus_preset_all_platforms" name="test_ua_coerced_carries_platform_marker_ios[instagram-expected_markers2]" time="0.000" /><testcase classname="tests.test_v2_6_22_custom_url_plus_preset_all_platforms" name="test_ua_coerced_carries_platform_marker_ios[tiktok-expected_markers3]" time="0.000" /><testcase classname="tests.test_v2_6_22_custom_url_plus_preset_all_platforms" name="test_ua_coerced_carries_platform_marker_ios[snapchat-expected_markers4]" time="0.000" /><testcase classname="tests.test_v2_6_22_custom_url_plus_preset_all_platforms" name="test_ua_coerced_carries_platform_marker_ios[linkedin-expected_markers5]" time="0.000" /><testcase classname="tests.test_v2_6_22_custom_url_plus_preset_all_platforms" name="test_ua_coerced_carries_platform_marker_ios[twitter-expected_markers6]" time="0.000" /><testcase classname="tests.test_v2_6_22_custom_url_plus_preset_all_platforms" name="test_ua_coerced_carries_platform_marker_ios[pinterest-expected_markers7]" time="0.000" /><testcase classname="tests.test_v2_6_22_custom_url_plus_preset_all_platforms" name="test_no_foreign_platform_markers_after_coerce[tiktok-foreign_markers0]" time="0.000" /><testcase classname="tests.test_v2_6_22_custom_url_plus_preset_all_platforms" name="test_no_foreign_platform_markers_after_coerce[facebook-foreign_markers1]" time="0.000" /><testcase classname="tests.test_v2_6_22_custom_url_plus_preset_all_platforms" name="test_no_foreign_platform_markers_after_coerce[instagram-foreign_markers2]" time="0.000" /><testcase classname="tests.test_v2_6_22_custom_url_plus_preset_all_platforms" name="test_no_foreign_platform_markers_after_coerce[snapchat-foreign_markers3]" time="0.000" /><testcase classname="tests.test_v2_6_22_custom_url_plus_preset_all_platforms" name="test_no_foreign_platform_markers_after_coerce[linkedin-foreign_markers4]" time="0.000" /><testcase classname="tests.test_v2_6_22_custom_url_plus_preset_all_platforms" name="test_no_foreign_platform_markers_after_coerce[twitter-foreign_markers5]" time="0.000" /><testcase classname="tests.test_v2_6_22_custom_url_plus_preset_all_platforms" name="test_no_foreign_platform_markers_after_coerce[pinterest-foreign_markers6]" time="0.000" /><testcase classname="tests.test_v2_6_22_custom_url_plus_preset_all_platforms" name="test_tiktok_android_no_chrome_or_safari_after_coerce" time="0.000" /><testcase classname="tests.test_v2_6_22_custom_url_plus_preset_all_platforms" name="test_tiktok_ios_no_trailing_safari_after_coerce" time="0.000" /><testcase classname="tests.test_v2_6_22_custom_url_plus_preset_all_platforms" name="test_utm_params_populated_for_paid_platforms[facebook-cpc]" time="0.000" /><testcase classname="tests.test_v2_6_22_custom_url_plus_preset_all_platforms" name="test_utm_params_populated_for_paid_platforms[instagram-cpc]" time="0.000" /><testcase classname="tests.test_v2_6_22_custom_url_plus_preset_all_platforms" name="test_utm_params_populated_for_paid_platforms[tiktok-cpc]" time="0.000" /><testcase classname="tests.test_v2_6_22_custom_url_plus_preset_all_platforms" name="test_utm_params_populated_for_paid_platforms[snapchat-cpc]" time="0.000" /><testcase classname="tests.test_v2_6_22_custom_url_plus_preset_all_platforms" name="test_utm_params_populated_for_paid_platforms[linkedin-cpc]" time="0.000" /><testcase classname="tests.test_v2_6_22_custom_url_plus_preset_all_platforms" name="test_utm_params_populated_for_paid_platforms[twitter-cpc]" time="0.000" /><testcase classname="tests.test_v2_6_22_custom_url_plus_preset_all_platforms" name="test_utm_params_populated_for_paid_platforms[pinterest-cpc]" time="0.000" /><testcase classname="tests.test_v2_6_22_custom_url_plus_preset_all_platforms" name="test_utm_params_populated_for_paid_platforms[messenger-referral]" time="0.000" /><testcase classname="tests.test_v2_6_22_custom_url_plus_preset_all_platforms" name="test_operators_utm_source_not_overwritten" time="0.000" /><testcase classname="tests.test_v2_6_22_custom_url_plus_preset_all_platforms" name="test_full_pipeline_referer_and_ua_consistent[facebook]" time="0.000" /><testcase classname="tests.test_v2_6_22_custom_url_plus_preset_all_platforms" name="test_full_pipeline_referer_and_ua_consistent[instagram]" time="0.000" /><testcase classname="tests.test_v2_6_22_custom_url_plus_preset_all_platforms" name="test_full_pipeline_referer_and_ua_consistent[tiktok]" time="0.000" /><testcase classname="tests.test_v2_6_22_custom_url_plus_preset_all_platforms" name="test_full_pipeline_referer_and_ua_consistent[snapchat]" time="0.000" /><testcase classname="tests.test_v2_6_22_custom_url_plus_preset_all_platforms" name="test_full_pipeline_referer_and_ua_consistent[linkedin]" time="0.000" /><testcase classname="tests.test_v2_6_22_custom_url_plus_preset_all_platforms" name="test_full_pipeline_referer_and_ua_consistent[twitter]" time="0.000" /><testcase classname="tests.test_v2_6_22_custom_url_plus_preset_all_platforms" name="test_full_pipeline_referer_and_ua_consistent[pinterest]" time="0.000" /><testcase classname="tests.test_v2_6_22_custom_url_plus_preset_all_platforms" name="test_platform_pool_picks_only_from_selected_set" time="0.002" /><testcase classname="tests.test_v2_6_22_custom_url_plus_preset_all_platforms" name="test_weighted_platform_pool_json_respected" time="0.007" /><testcase classname="tests.test_v2_6_23_sec_ch_ua_and_zhiliaoapp_fixes" name="test_non_chrome_inapp_detects_tiktok_android" time="0.000" /><testcase classname="tests.test_v2_6_23_sec_ch_ua_and_zhiliaoapp_fixes" name="test_non_chrome_inapp_detects_tiktok_ios" time="0.000" /><testcase classname="tests.test_v2_6_23_sec_ch_ua_and_zhiliaoapp_fixes" name="test_non_chrome_inapp_detects_ig_ios" time="0.000" /><testcase classname="tests.test_v2_6_23_sec_ch_ua_and_zhiliaoapp_fixes" name="test_non_chrome_inapp_false_for_fb_android" time="0.000" /><testcase classname="tests.test_v2_6_23_sec_ch_ua_and_zhiliaoapp_fixes" name="test_non_chrome_inapp_false_for_ig_android" time="0.000" /><testcase classname="tests.test_v2_6_23_sec_ch_ua_and_zhiliaoapp_fixes" name="test_non_chrome_inapp_false_for_plain_chrome" time="0.000" /><testcase classname="tests.test_v2_6_23_sec_ch_ua_and_zhiliaoapp_fixes" name="test_tiktok_android_contains_zhiliaoapp_marker" time="0.000" /><testcase classname="tests.test_v2_6_23_sec_ch_ua_and_zhiliaoapp_fixes" name="test_tiktok_ios_contains_zhiliaoapp_marker" time="0.000" /><testcase classname="tests.test_v2_6_23_sec_ch_ua_and_zhiliaoapp_fixes" name="test_server_ua_tiktok_android_generator_has_zhiliaoapp" time="0.000" /><testcase classname="tests.test_v2_6_23_sec_ch_ua_and_zhiliaoapp_fixes" name="test_client_hint_headers_suppresses_sec_ch_ua_for_tiktok_android" time="0.000" /><testcase classname="tests.test_v2_6_23_sec_ch_ua_and_zhiliaoapp_fixes" name="test_client_hint_headers_normal_chrome_unchanged" time="0.000" /><testcase classname="tests.test_v2_6_23_sec_ch_ua_and_zhiliaoapp_fixes" name="test_client_hint_headers_tiktok_ios_no_brand_leak" time="0.000" /><testcase classname="tests.test_v2_6_23_sec_ch_ua_and_zhiliaoapp_fixes" name="test_ua_parser_libs_recognize_com_zhiliaoapp_musically" time="0.001" /><testcase classname="tests.test_v2_6_23_sec_ch_ua_and_zhiliaoapp_fixes" name="test_regression_tiktok_android_no_chrome_safari" time="0.000" /><testcase classname="tests.test_v2_6_23_sec_ch_ua_and_zhiliaoapp_fixes" name="test_regression_tiktok_ios_no_trailing_safari" time="0.000" /><testcase classname="tests.test_v2_6_23_sec_ch_ua_and_zhiliaoapp_fixes" name="test_regression_facebook_target_keeps_chrome_webview" time="0.000" /><testcase classname="tests.test_v2_6_26_paid_organic_and_referrer_chain" name="test_resolve_pro_visit_returns_is_paid_paid_tiktok" time="0.001" /><testcase classname="tests.test_v2_6_26_paid_organic_and_referrer_chain" name="test_resolve_pro_visit_returns_is_paid_organic_facebook" time="0.001" /><testcase classname="tests.test_v2_6_26_paid_organic_and_referrer_chain" name="test_resolve_pro_visit_search_paid_google" time="0.000" /><testcase classname="tests.test_v2_6_26_paid_organic_and_referrer_chain" name="test_resolve_pro_visit_auto_mode_derives_from_platform" time="0.000" /><testcase classname="tests.test_v2_6_26_paid_organic_and_referrer_chain" name="test_resolve_pro_visit_mixed_traffic_type_produces_both" time="0.004" /><testcase classname="tests.test_v2_6_26_paid_organic_and_referrer_chain" name="test_tracker_injects_sub2_paid_when_empty" time="0.000" /><testcase classname="tests.test_v2_6_26_paid_organic_and_referrer_chain" name="test_tracker_does_not_overwrite_existing_sub2" time="0.000" /><testcase classname="tests.test_v2_6_26_paid_organic_and_referrer_chain" name="test_tracker_injects_organic" time="0.000" /><testcase classname="tests.test_v2_6_26_paid_organic_and_referrer_chain" name="test_tracker_honours_custom_traffic_type_param_key" time="0.000" /><testcase classname="tests.test_v2_6_26_paid_organic_and_referrer_chain" name="test_tracker_rejects_invalid_key" time="0.000" /><testcase classname="tests.test_v2_6_26_paid_organic_and_referrer_chain" name="test_tracker_skips_when_traffic_type_is_auto" time="0.000" /><testcase classname="tests.test_v2_6_26_regression_and_customer_scenario" name="test_ua_tiktok_ios_does_NOT_carry_TikTok_slash_ver" time="0.000" /><testcase classname="tests.test_v2_6_26_regression_and_customer_scenario" name="test_ua_facebook_android_no_tiktok_leak" time="0.000" /><testcase classname="tests.test_v2_6_26_regression_and_customer_scenario" name="test_ua_instagram_android_no_tiktok_leak" time="0.000"><skipped type="pytest.skip" message="ig android generator sig differs: 'vendor'">/app/backend/tests/test_v2_6_26_regression_and_customer_scenario.py:62: ig android generator sig differs: 'vendor'</skipped></testcase><testcase classname="tests.test_v2_6_26_regression_and_customer_scenario" name="test_ua_instagram_ios_no_tiktok_leak" time="0.000" /><testcase classname="tests.test_v2_6_26_regression_and_customer_scenario" name="test_customer_scenario_ua_parses_show_TikTok_slash_ver_slug" time="0.001" /><testcase classname="tests.test_v2_6_26_regression_and_customer_scenario" name="test_coerce_out_of_tiktok_for_all_platforms" time="0.002" /><testcase classname="tests.test_v2_6_26_tiktok_android_browser_detection_fix" name="test_ua_tiktok_android_carries_tiktok_slash_ver_marker" time="0.001" /><testcase classname="tests.test_v2_6_26_tiktok_android_browser_detection_fix" name="test_build_inapp_ua_suffix_tiktok_android_carries_tiktok_ver" time="0.000" /><testcase classname="tests.test_v2_6_26_tiktok_android_browser_detection_fix" name="test_build_inapp_ua_suffix_tiktok_ios_unchanged" time="0.000" /><testcase classname="tests.test_v2_6_26_tiktok_android_browser_detection_fix" name="test_strip_foreign_tiktok_markers_removes_TikTok_slash_ver_too" time="0.001" /><testcase classname="tests.test_v2_6_26_tiktok_android_browser_detection_fix" name="test_coerce_ua_for_platform_tiktok_preserves_TikTok_slash_ver" time="0.000" /><testcase classname="tests.test_v2_6_26_tiktok_android_browser_detection_fix" name="test_ua_tiktok_android_non_samsung_brands_still_get_marker" time="0.000" /><testcase classname="tests.test_v2_6_27_fb_iab_bracket_and_iframe_capture" name="test_ua_tiktok_android_carries_fb_iab_tiktokandroid_bracket" time="0.001" /><testcase classname="tests.test_v2_6_27_fb_iab_bracket_and_iframe_capture" name="test_build_inapp_ua_suffix_tiktok_android_carries_fb_iab_bracket" time="0.000" /><testcase classname="tests.test_v2_6_27_fb_iab_bracket_and_iframe_capture" name="test_fbav_3part_helper" time="0.000" /><testcase classname="tests.test_v2_6_27_fb_iab_bracket_and_iframe_capture" name="test_ua_facebook_android_fbav_is_3part_and_fban_present" time="0.000" /><testcase classname="tests.test_v2_6_27_fb_iab_bracket_and_iframe_capture" name="test_ua_facebook_ios_fbav_is_3part" time="0.000" /><testcase classname="tests.test_v2_6_27_fb_iab_bracket_and_iframe_capture" name="test_coerce_to_tiktok_preserves_tiktokandroid_bracket" time="0.000" /><testcase classname="tests.test_v2_6_27_fb_iab_bracket_and_iframe_capture" name="test_coerce_away_from_tiktok_strips_the_new_bracket" time="0.001" /><testcase classname="tests.test_v2_6_27_fb_iab_bracket_and_iframe_capture" name="test_coerce_fb_to_fb_preserves_fb_bracket" time="0.000" /><testcase classname="tests.test_v2_6_27_fb_iab_bracket_and_iframe_capture" name="test_coerce_fb_to_tiktok_strips_fb_bracket_and_adds_tt_markers" time="0.000" /><testcase classname="tests.test_v2_6_27_fb_iab_bracket_and_iframe_capture" name="test_visual_recorder_captures_iframe_path_field" time="0.000" /></testsuite></testsuites>