<?xml version="1.0" encoding="utf-8"?><testsuites name="pytest tests"><testsuite name="pytest" errors="0" failures="1" skipped="0" tests="26" time="5.781" timestamp="2026-05-13T11:14:21.242578+00:00" hostname="agent-env-e6ee91f4-ab81-4fae-a6e1-bd5924a6978e"><testcase classname="tests.test_license_module.TestPublicConfig" name="test_get_public_config" time="0.312" /><testcase classname="tests.test_license_module.TestStartTrial" name="test_start_trial_creates_license" time="0.081" /><testcase classname="tests.test_license_module.TestStartTrial" name="test_start_trial_same_email_reuses" time="0.071" /><testcase classname="tests.test_license_module.TestActivate" name="test_activate_binds_machine" time="0.073" /><testcase classname="tests.test_license_module.TestActivate" name="test_activate_second_machine_returns_409" time="0.071" /><testcase classname="tests.test_license_module.TestActivate" name="test_activate_same_machine_idempotent" time="0.073" /><testcase classname="tests.test_license_module.TestValidate" name="test_validate_correct_machine" time="0.074" /><testcase classname="tests.test_license_module.TestValidate" name="test_validate_wrong_machine" time="0.071" /><testcase classname="tests.test_license_module.TestCheckout" name="test_checkout_creates_session" time="0.624" /><testcase classname="tests.test_license_module.TestCheckout" name="test_status_returns_stripe_session" time="0.249"><failure message="AssertionError: Internal Server Error&#10;assert 500 == 200&#10; +  where 500 = &lt;Response [500]&gt;.status_code">E   AssertionError: Internal Server Error
    assert 500 == 200
     +  where 500 = &lt;Response [500]&gt;.status_code</failure></testcase><testcase classname="tests.test_license_module.TestCheckout" name="test_status_unknown_session" time="0.255" /><testcase classname="tests.test_license_module.TestAdminConfig" name="test_admin_get_config" time="0.146" /><testcase classname="tests.test_license_module.TestAdminConfig" name="test_admin_put_updates_and_public_reflects" time="0.748" /><testcase classname="tests.test_license_module.TestAdminList" name="test_list_paginated" time="0.069" /><testcase classname="tests.test_license_module.TestAdminList" name="test_list_search_by_email" time="0.076" /><testcase classname="tests.test_license_module.TestAdminIssueExtendRevoke" name="test_admin_issue" time="0.077" /><testcase classname="tests.test_license_module.TestAdminIssueExtendRevoke" name="test_admin_extend" time="0.075" /><testcase classname="tests.test_license_module.TestAdminIssueExtendRevoke" name="test_admin_revoke_then_validate_says_revoked" time="0.231" /><testcase classname="tests.test_license_module.TestAdminIssueExtendRevoke" name="test_admin_revoke_unknown_404" time="0.069" /><testcase classname="tests.test_license_module.TestAdminTransactions" name="test_admin_transactions_returns_list" time="0.086" /><testcase classname="tests.test_license_module.TestMasterSwitch" name="test_disable_blocks_activate" time="0.278" /><testcase classname="tests.test_license_module.TestMasterSwitch" name="test_master_switch_restored" time="0.070" /><testcase classname="tests.test_license_module.TestAdminAuth" name="test_no_token_rejected" time="0.422" /><testcase classname="tests.test_license_module.TestAdminAuth" name="test_non_admin_token_rejected" time="1.129" /><testcase classname="tests.test_license_module.TestAdminAuth" name="test_put_config_no_token_rejected" time="0.069" /><testcase classname="tests.test_license_module.TestNoMongoIdLeak" name="test_no_id_in_public_endpoints" time="0.142" /></testsuite></testsuites>