<?xml version="1.0" encoding="utf-8"?><testsuites name="pytest tests"><testsuite name="pytest" errors="13" failures="2" skipped="0" tests="53" time="2.059" timestamp="2026-07-21T19:55:01.474840+00:00" hostname="agent-env-d91377dd-d04a-4f32-af0f-b8b3d5338ce8"><testcase classname="tests.test_v2_6_18_browser_mix_and_utm_fix" name="test_version_bumped_to_2_6_18_or_higher" time="0.018" /><testcase classname="tests.test_v2_6_18_browser_mix_and_utm_fix" name="test_third_party_browser_scrub_in_preset_gate" time="0.002" /><testcase classname="tests.test_v2_6_18_browser_mix_and_utm_fix" name="test_apply_inapp_preset_replaces_third_party_browsers" time="0.000" /><testcase classname="tests.test_v2_6_18_browser_mix_and_utm_fix" name="test_strip_foreign_inapp_markers_covers_third_party" time="0.001" /><testcase classname="tests.test_v2_6_18_browser_mix_and_utm_fix" name="test_coerce_ua_strips_wechat_and_appends_tiktok" time="0.002" /><testcase classname="tests.test_v2_6_18_browser_mix_and_utm_fix" name="test_incoming_query_params_forwarded_to_destination" time="0.010" /><testcase classname="tests.test_v2_6_19_tiktok_ua_rebuild" name="test_version_bumped_to_2_6_19_or_higher" time="0.000" /><testcase classname="tests.test_v2_6_19_tiktok_ua_rebuild" name="test_tiktok_android_ua_uses_cronet_not_chrome" time="0.001" /><testcase classname="tests.test_v2_6_19_tiktok_ua_rebuild" name="test_tiktok_android_preserves_device_and_version" time="0.000" /><testcase classname="tests.test_v2_6_19_tiktok_ua_rebuild" name="test_facebook_android_keeps_chrome_webview" time="0.000" /><testcase classname="tests.test_v2_6_19_tiktok_ua_rebuild" name="test_tiktok_ios_still_uses_webkit_no_safari" time="0.000" /><testcase classname="tests.test_v2_6_19_tiktok_ua_rebuild" name="test_wechat_ua_gets_cronet_after_scrub_and_tiktok_coerce" time="0.000" /><testcase classname="tests.test_v2_6_21_hybrid_ua_leak_fix" name="test_version_at_or_above_2_6_21" time="0.000" /><testcase classname="tests.test_v2_6_21_hybrid_ua_leak_fix" name="test_bug_a_musical_ly_plus_fbav_stripped_on_tiktok_coerce" time="0.000" /><testcase classname="tests.test_v2_6_21_hybrid_ua_leak_fix" name="test_bug_b_musical_ly_plus_chrome_safari_forces_cronet" time="0.000" /><testcase classname="tests.test_v2_6_21_hybrid_ua_leak_fix" name="test_musical_ly_plus_instagram_tokens_stripped" time="0.000" /><testcase classname="tests.test_v2_6_21_hybrid_ua_leak_fix" name="test_plain_android_webview_becomes_cronet_on_tiktok_coerce" time="0.000" /><testcase classname="tests.test_v2_6_21_hybrid_ua_leak_fix" name="test_clean_tiktok_cronet_ua_is_idempotent" time="0.000" /><testcase classname="tests.test_v2_6_21_hybrid_ua_leak_fix" name="test_facebook_inapp_ua_keeps_chrome_and_safari_and_no_musical_ly" time="0.000" /><testcase classname="tests.test_v2_6_21_hybrid_ua_leak_fix" name="test_instagram_target_strips_tiktok_markers" time="0.000" /><testcase classname="tests.test_v2_6_21_hybrid_ua_leak_fix" name="test_ua_tiktok_android_generator_is_cronet_shape" time="0.880" /><testcase classname="tests.test_v2_6_21_hybrid_ua_leak_fix" name="test_ua_tiktok_ios_generator_has_musical_ly_and_no_safari" time="0.000" /><testcase classname="tests.test_v2_6_21_hybrid_ua_leak_fix" name="test_generator_output_is_idempotent_through_coerce" time="0.002" /><testcase classname="tests.test_rut_referrer_bugs.TestRegressionHealth" name="test_admin_login" time="0.275"><error message="failed on setup with &quot;AssertionError: Admin login failed: 401 {&quot;detail&quot;:&quot;Invalid admin credentials&quot;}&#10;assert 401 == 200&#10; +  where 401 = &lt;Response [401]&gt;.status_code&quot;">tests/test_rut_referrer_bugs.py:61: in admin_token
    assert r.status_code == 200, f"Admin login failed: {r.status_code} {r.text}"
E   AssertionError: Admin login failed: 401 {"detail":"Invalid admin credentials"}
E   assert 401 == 200
E    +  where 401 = &lt;Response [401]&gt;.status_code</error></testcase><testcase classname="tests.test_rut_referrer_bugs.TestRegressionHealth" name="test_referrer_pro_defaults" time="0.000"><error message="failed on setup with &quot;AssertionError: Admin login failed: 401 {&quot;detail&quot;:&quot;Invalid admin credentials&quot;}&#10;assert 401 == 200&#10; +  where 401 = &lt;Response [401]&gt;.status_code&quot;">tests/test_rut_referrer_bugs.py:61: in admin_token
    assert r.status_code == 200, f"Admin login failed: {r.status_code} {r.text}"
E   AssertionError: Admin login failed: 401 {"detail":"Invalid admin credentials"}
E   assert 401 == 200
E    +  where 401 = &lt;Response [401]&gt;.status_code</error></testcase><testcase classname="tests.test_rut_referrer_bugs.TestRegressionHealth" name="test_get_links_endpoint" time="0.000"><error message="failed on setup with &quot;AssertionError: Admin login failed: 401 {&quot;detail&quot;:&quot;Invalid admin credentials&quot;}&#10;assert 401 == 200&#10; +  where 401 = &lt;Response [401]&gt;.status_code&quot;">tests/test_rut_referrer_bugs.py:61: in admin_token
    assert r.status_code == 200, f"Admin login failed: {r.status_code} {r.text}"
E   AssertionError: Admin login failed: 401 {"detail":"Invalid admin credentials"}
E   assert 401 == 200
E    +  where 401 = &lt;Response [401]&gt;.status_code</error></testcase><testcase classname="tests.test_rut_referrer_bugs.TestRegressionHealth" name="test_get_rut_jobs_endpoint" time="0.000"><error message="failed on setup with &quot;AssertionError: Admin login failed: 401 {&quot;detail&quot;:&quot;Invalid admin credentials&quot;}&#10;assert 401 == 200&#10; +  where 401 = &lt;Response [401]&gt;.status_code&quot;">tests/test_rut_referrer_bugs.py:61: in admin_token
    assert r.status_code == 200, f"Admin login failed: {r.status_code} {r.text}"
E   AssertionError: Admin login failed: 401 {"detail":"Invalid admin credentials"}
E   assert 401 == 200
E    +  where 401 = &lt;Response [401]&gt;.status_code</error></testcase><testcase classname="tests.test_rut_referrer_bugs.TestNetworkClickReferer" name="test_google_pool_with_network_click" time="0.000"><error message="failed on setup with &quot;AssertionError: Admin login failed: 401 {&quot;detail&quot;:&quot;Invalid admin credentials&quot;}&#10;assert 401 == 200&#10; +  where 401 = &lt;Response [401]&gt;.status_code&quot;">tests/test_rut_referrer_bugs.py:61: in admin_token
    assert r.status_code == 200, f"Admin login failed: {r.status_code} {r.text}"
E   AssertionError: Admin login failed: 401 {"detail":"Invalid admin credentials"}
E   assert 401 == 200
E    +  where 401 = &lt;Response [401]&gt;.status_code</error></testcase><testcase classname="tests.test_rut_referrer_bugs.TestNetworkClickReferer" name="test_email_pool_with_network_click" time="0.000"><error message="failed on setup with &quot;AssertionError: Admin login failed: 401 {&quot;detail&quot;:&quot;Invalid admin credentials&quot;}&#10;assert 401 == 200&#10; +  where 401 = &lt;Response [401]&gt;.status_code&quot;">tests/test_rut_referrer_bugs.py:61: in admin_token
    assert r.status_code == 200, f"Admin login failed: {r.status_code} {r.text}"
E   AssertionError: Admin login failed: 401 {"detail":"Invalid admin credentials"}
E   assert 401 == 200
E    +  where 401 = &lt;Response [401]&gt;.status_code</error></testcase><testcase classname="tests.test_rut_referrer_bugs.TestNetworkClickReferer" name="test_bing_pool_with_network_click" time="0.000"><error message="failed on setup with &quot;AssertionError: Admin login failed: 401 {&quot;detail&quot;:&quot;Invalid admin credentials&quot;}&#10;assert 401 == 200&#10; +  where 401 = &lt;Response [401]&gt;.status_code&quot;">tests/test_rut_referrer_bugs.py:61: in admin_token
    assert r.status_code == 200, f"Admin login failed: {r.status_code} {r.text}"
E   AssertionError: Admin login failed: 401 {"detail":"Invalid admin credentials"}
E   assert 401 == 200
E    +  where 401 = &lt;Response [401]&gt;.status_code</error></testcase><testcase classname="tests.test_rut_referrer_bugs.TestSearchEngineOverride" name="test_google_pool_forced_bing" time="0.000"><error message="failed on setup with &quot;AssertionError: Admin login failed: 401 {&quot;detail&quot;:&quot;Invalid admin credentials&quot;}&#10;assert 401 == 200&#10; +  where 401 = &lt;Response [401]&gt;.status_code&quot;">tests/test_rut_referrer_bugs.py:61: in admin_token
    assert r.status_code == 200, f"Admin login failed: {r.status_code} {r.text}"
E   AssertionError: Admin login failed: 401 {"detail":"Invalid admin credentials"}
E   assert 401 == 200
E    +  where 401 = &lt;Response [401]&gt;.status_code</error></testcase><testcase classname="tests.test_rut_referrer_bugs.TestSearchEngineOverride" name="test_google_pool_forced_ddg" time="0.000"><error message="failed on setup with &quot;AssertionError: Admin login failed: 401 {&quot;detail&quot;:&quot;Invalid admin credentials&quot;}&#10;assert 401 == 200&#10; +  where 401 = &lt;Response [401]&gt;.status_code&quot;">tests/test_rut_referrer_bugs.py:61: in admin_token
    assert r.status_code == 200, f"Admin login failed: {r.status_code} {r.text}"
E   AssertionError: Admin login failed: 401 {"detail":"Invalid admin credentials"}
E   assert 401 == 200
E    +  where 401 = &lt;Response [401]&gt;.status_code</error></testcase><testcase classname="tests.test_rut_referrer_bugs.TestLegacyGoogleSearchMode" name="test_rut_job_create_accepts_legacy_fields" time="0.000"><error message="failed on setup with &quot;AssertionError: Admin login failed: 401 {&quot;detail&quot;:&quot;Invalid admin credentials&quot;}&#10;assert 401 == 200&#10; +  where 401 = &lt;Response [401]&gt;.status_code&quot;">tests/test_rut_referrer_bugs.py:61: in admin_token
    assert r.status_code == 200, f"Admin login failed: {r.status_code} {r.text}"
E   AssertionError: Admin login failed: 401 {"detail":"Invalid admin credentials"}
E   assert 401 == 200
E    +  where 401 = &lt;Response [401]&gt;.status_code</error></testcase><testcase classname="tests.test_rut_referrer_bugs.TestSmokeUnchangedPaths" name="test_preview_default_settings_200" time="0.000"><error message="failed on setup with &quot;AssertionError: Admin login failed: 401 {&quot;detail&quot;:&quot;Invalid admin credentials&quot;}&#10;assert 401 == 200&#10; +  where 401 = &lt;Response [401]&gt;.status_code&quot;">tests/test_rut_referrer_bugs.py:61: in admin_token
    assert r.status_code == 200, f"Admin login failed: {r.status_code} {r.text}"
E   AssertionError: Admin login failed: 401 {"detail":"Invalid admin credentials"}
E   assert 401 == 200
E    +  where 401 = &lt;Response [401]&gt;.status_code</error></testcase><testcase classname="tests.test_rut_referrer_bugs.TestZeroWeightFallback" name="test_all_zero_weights_equal_fallback" time="0.000"><error message="failed on setup with &quot;AssertionError: Admin login failed: 401 {&quot;detail&quot;:&quot;Invalid admin credentials&quot;}&#10;assert 401 == 200&#10; +  where 401 = &lt;Response [401]&gt;.status_code&quot;">tests/test_rut_referrer_bugs.py:61: in admin_token
    assert r.status_code == 200, f"Admin login failed: {r.status_code} {r.text}"
E   AssertionError: Admin login failed: 401 {"detail":"Invalid admin credentials"}
E   assert 401 == 200
E    +  where 401 = &lt;Response [401]&gt;.status_code</error></testcase><testcase classname="tests.test_rut_referrer_bugs.TestDistributionSortedByWeight" name="test_distribution_sorted_by_weight" time="0.000"><error message="failed on setup with &quot;AssertionError: Admin login failed: 401 {&quot;detail&quot;:&quot;Invalid admin credentials&quot;}&#10;assert 401 == 200&#10; +  where 401 = &lt;Response [401]&gt;.status_code&quot;">tests/test_rut_referrer_bugs.py:61: in admin_token
    assert r.status_code == 200, f"Admin login failed: {r.status_code} {r.text}"
E   AssertionError: Admin login failed: 401 {"detail":"Invalid admin credentials"}
E   assert 401 == 200
E    +  where 401 = &lt;Response [401]&gt;.status_code</error></testcase><testcase classname="tests.test_rut_referrer_concurrency_fixes_2026_02.TestResolveVisitReferer" name="test_custom_url_returned_for_every_ua[Mozilla/5.0 (Windows NT 10.0; Win64; x64) AppleWebKit/537.36 (KHTML, like Gecko) Chrome/120.0 Safari/537.36]" time="0.000" /><testcase classname="tests.test_rut_referrer_concurrency_fixes_2026_02.TestResolveVisitReferer" name="test_custom_url_returned_for_every_ua[Mozilla/5.0 (iPhone; CPU iPhone OS 17_0 like Mac OS X) AppleWebKit/605.1.15 (KHTML, like Gecko) Version/17.0 Mobile/15E148 Safari/604.1]" time="0.000" /><testcase classname="tests.test_rut_referrer_concurrency_fixes_2026_02.TestResolveVisitReferer" name="test_custom_url_returned_for_every_ua[Mozilla/5.0 (Linux; Android 13) AppleWebKit/537.36 Chrome/119.0 Mobile Safari/537.36 [FBAN/FB4A;FBAV/443.0]]" time="0.000" /><testcase classname="tests.test_rut_referrer_concurrency_fixes_2026_02.TestResolveVisitReferer" name="test_custom_url_returned_for_every_ua[Mozilla/5.0 (Linux; Android 14; Pixel 7) AppleWebKit/537.36 Chrome/128.0 Mobile Safari/537.36]" time="0.000" /><testcase classname="tests.test_rut_referrer_concurrency_fixes_2026_02.TestResolveVisitReferer" name="test_custom_url_returned_for_every_ua[]" time="0.000" /><testcase classname="tests.test_rut_referrer_concurrency_fixes_2026_02.TestResolveVisitReferer" name="test_disabled_cfg_falls_back" time="0.000" /><testcase classname="tests.test_rut_referrer_concurrency_fixes_2026_02.TestInappPresetScrub" name="test_tiktok_scrubs_foreign_and_desktop_uas" time="0.000" /><testcase classname="tests.test_rut_referrer_concurrency_fixes_2026_02.TestInappPresetScrub" name="test_coerce_produces_tiktok_marker" time="0.002" /><testcase classname="tests.test_rut_referrer_concurrency_fixes_2026_02.TestMacroGuardForceReferer" name="test_document_gets_referer_injected" time="0.001" /><testcase classname="tests.test_rut_referrer_concurrency_fixes_2026_02.TestMacroGuardForceReferer" name="test_non_document_no_override" time="0.000" /><testcase classname="tests.test_rut_referrer_concurrency_fixes_2026_02.TestMacroGuardForceReferer" name="test_empty_force_referer_no_override" time="0.000" /><testcase classname="tests.test_rut_referrer_concurrency_fixes_2026_02.TestParallelLoggingPresent" name="test_worker_semaphore_log" time="0.005" /><testcase classname="tests.test_rut_referrer_concurrency_fixes_2026_02.TestParallelLoggingPresent" name="test_dispatcher_log" time="0.001" /><testcase classname="tests.test_rut_referrer_concurrency_fixes_2026_02.TestCtxArgsFix" name="test_v230_block_uses_ctx_headers" time="0.003"><failure message="AssertionError: expected _ctx_headers in v230 stealth block&#10;assert '_ctx_headers' in '                            _changed = True\n                        if _changed:\n                            _visit_target_url = urlunparse(_u._replace(\n                                query=urlencode(_existing, doseq=True)\n                            ))\n                except Exception:\n                    # NEVER let UTM-append break the visit — fall back to\n                    # the unmodified target URL.\n                    pass\n                # ── 2026-01: PASS-REFERER-TO-OFFER bypass ────────────────\n                # Toggle ON  → resolve the tracker server-side (records\n                # click w/ exit_ip via X-Forwarded-For), then point the\n                # browser DIRECTLY at the resolved offer URL with the\n                # SAME chosen Referer. Result: offer sees the exact\n                # TikTok/custom/platform-pool Referer the operator\n                # configured — not the Krexion origin a 302 would leak.\n                # Toggle OFF → legacy path (browser navigates tracker → 302\n                # → offer; offer sees Krexion origin per browser policy).\n                # SAFETY: requires both a non-empty chosen Referer AND a\n                # suc...# it. Real Facebook for Android UAs are ~200+ chars;\n                # real desktop Chrome UAs are ~120+ chars. Anything under\n                # 50 chars cannot be a legitimate modern browser UA and\n                # is an instant bot signal on Anura / IPQS / Forensiq /\n                # AppsFlyer Protect360. Coerce to a safe value here so\n                # the offer\'s dashboard never sees &quot;User Agent: .&quot;\n                # again.\n                try:\n                    _ua_stripped = (ua or &quot;&quot;).strip()\n                    if (not _ua_stripped) or len(_ua_stripped) &lt; 50 or _ua_stripped in (&quot;.&quot;, &quot;-&quot;, &quot;_&quot;):\n                        _safe_ua = _realistic_fallback_ua()\n                        try:\n                            logger.warning(\n                                f&quot;[ua-leak-defence] visit {i + 1}: suspicious UA &quot;\n                                f&quot;({_ua_stripped!r:.80}) replaced with realistic &quot;\n                                f&quot;fallback ({_safe_ua[:60]}…)&quot;\n                            )\n                        except Exception:\n                            pass\n                        ua = _safe_ua\n                except Exception:\n                    pass'">tests/test_rut_referrer_concurrency_fixes_2026_02.py:240: in test_v230_block_uses_ctx_headers
    assert "_ctx_headers" in v230_block, "expected _ctx_headers in v230 stealth block"
E   AssertionError: expected _ctx_headers in v230 stealth block
E   assert '_ctx_headers' in '                            _changed = True\n                        if _changed:\n                            _visit_target_url = urlunparse(_u._replace(\n                                query=urlencode(_existing, doseq=True)\n                            ))\n                except Exception:\n                    # NEVER let UTM-append break the visit — fall back to\n                    # the unmodified target URL.\n                    pass\n                # ── 2026-01: PASS-REFERER-TO-OFFER bypass ────────────────\n                # Toggle ON  → resolve the tracker server-side (records\n                # click w/ exit_ip via X-Forwarded-For), then point the\n                # browser DIRECTLY at the resolved offer URL with the\n                # SAME chosen Referer. Result: offer sees the exact\n                # TikTok/custom/platform-pool Referer the operator\n                # configured — not the Krexion origin a 302 would leak.\n                # Toggle OFF → legacy path (browser navigates tracker → 302\n                # → offer; offer sees Krexion origin per browser policy).\n                # SAFETY: requires both a non-empty chosen Referer AND a\n                # suc...# it. Real Facebook for Android UAs are ~200+ chars;\n                # real desktop Chrome UAs are ~120+ chars. Anything under\n                # 50 chars cannot be a legitimate modern browser UA and\n                # is an instant bot signal on Anura / IPQS / Forensiq /\n                # AppsFlyer Protect360. Coerce to a safe value here so\n                # the offer\'s dashboard never sees "User Agent: ."\n                # again.\n                try:\n                    _ua_stripped = (ua or "").strip()\n                    if (not _ua_stripped) or len(_ua_stripped) &lt; 50 or _ua_stripped in (".", "-", "_"):\n                        _safe_ua = _realistic_fallback_ua()\n                        try:\n                            logger.warning(\n                                f"[ua-leak-defence] visit {i + 1}: suspicious UA "\n                                f"({_ua_stripped!r:.80}) replaced with realistic "\n                                f"fallback ({_safe_ua[:60]}…)"\n                            )\n                        except Exception:\n                            pass\n                        ua = _safe_ua\n                except Exception:\n                    pass'</failure></testcase><testcase classname="tests.test_rut_referrer_concurrency_fixes_2026_02.TestMultiStepFillFp" name="test_signature_accepts_fp" time="0.000" /><testcase classname="tests.test_rut_referrer_concurrency_fixes_2026_02.TestMultiStepFillFp" name="test_fp_usages_guarded" time="0.002" /><testcase classname="tests.test_rut_referrer_concurrency_fixes_2026_02.TestAdminLoginSmoke" name="test_admin_login_200" time="0.096"><failure message="AssertionError: admin login failed: 401 {&quot;detail&quot;:&quot;Invalid admin credentials&quot;}&#10;assert 401 == 200&#10; +  where 401 = &lt;Response [401]&gt;.status_code">tests/test_rut_referrer_concurrency_fixes_2026_02.py:279: in test_admin_login_200
    assert r.status_code == 200, f"admin login failed: {r.status_code} {r.text[:300]}"
E   AssertionError: admin login failed: 401 {"detail":"Invalid admin credentials"}
E   assert 401 == 200
E    +  where 401 = &lt;Response [401]&gt;.status_code</failure></testcase></testsuite></testsuites>