<?xml version="1.0" encoding="utf-8"?><testsuites name="pytest tests"><testsuite name="pytest" errors="0" failures="0" skipped="0" tests="16" time="1.613" timestamp="2026-07-22T07:32:20.837106+00:00" hostname="agent-env-d91377dd-d04a-4f32-af0f-b8b3d5338ce8"><testcase classname="tests.test_v2_6_23_sec_ch_ua_and_zhiliaoapp_fixes" name="test_non_chrome_inapp_detects_tiktok_android" time="0.021" /><testcase classname="tests.test_v2_6_23_sec_ch_ua_and_zhiliaoapp_fixes" name="test_non_chrome_inapp_detects_tiktok_ios" time="0.001" /><testcase classname="tests.test_v2_6_23_sec_ch_ua_and_zhiliaoapp_fixes" name="test_non_chrome_inapp_detects_ig_ios" time="0.001" /><testcase classname="tests.test_v2_6_23_sec_ch_ua_and_zhiliaoapp_fixes" name="test_non_chrome_inapp_false_for_fb_android" time="0.000" /><testcase classname="tests.test_v2_6_23_sec_ch_ua_and_zhiliaoapp_fixes" name="test_non_chrome_inapp_false_for_ig_android" time="0.000" /><testcase classname="tests.test_v2_6_23_sec_ch_ua_and_zhiliaoapp_fixes" name="test_non_chrome_inapp_false_for_plain_chrome" time="0.000" /><testcase classname="tests.test_v2_6_23_sec_ch_ua_and_zhiliaoapp_fixes" name="test_tiktok_android_contains_zhiliaoapp_marker" time="0.000" /><testcase classname="tests.test_v2_6_23_sec_ch_ua_and_zhiliaoapp_fixes" name="test_tiktok_ios_contains_zhiliaoapp_marker" time="0.000" /><testcase classname="tests.test_v2_6_23_sec_ch_ua_and_zhiliaoapp_fixes" name="test_server_ua_tiktok_android_generator_has_zhiliaoapp" time="1.553" /><testcase classname="tests.test_v2_6_23_sec_ch_ua_and_zhiliaoapp_fixes" name="test_client_hint_headers_suppresses_sec_ch_ua_for_tiktok_android" time="0.002" /><testcase classname="tests.test_v2_6_23_sec_ch_ua_and_zhiliaoapp_fixes" name="test_client_hint_headers_normal_chrome_unchanged" time="0.000" /><testcase classname="tests.test_v2_6_23_sec_ch_ua_and_zhiliaoapp_fixes" name="test_client_hint_headers_tiktok_ios_no_brand_leak" time="0.000" /><testcase classname="tests.test_v2_6_23_sec_ch_ua_and_zhiliaoapp_fixes" name="test_ua_parser_libs_recognize_com_zhiliaoapp_musically" time="0.001" /><testcase classname="tests.test_v2_6_23_sec_ch_ua_and_zhiliaoapp_fixes" name="test_regression_tiktok_android_no_chrome_safari" time="0.000" /><testcase classname="tests.test_v2_6_23_sec_ch_ua_and_zhiliaoapp_fixes" name="test_regression_tiktok_ios_no_trailing_safari" time="0.000" /><testcase classname="tests.test_v2_6_23_sec_ch_ua_and_zhiliaoapp_fixes" name="test_regression_facebook_target_keeps_chrome_webview" time="0.000" /></testsuite></testsuites>