<?xml version="1.0" encoding="utf-8"?><testsuites name="pytest tests"><testsuite name="pytest" errors="0" failures="0" skipped="0" tests="23" time="1.552" timestamp="2026-07-21T20:22:59.620563+00:00" hostname="agent-env-d91377dd-d04a-4f32-af0f-b8b3d5338ce8"><testcase classname="tests.test_v2_6_18_browser_mix_and_utm_fix" name="test_version_bumped_to_2_6_18_or_higher" time="0.018" /><testcase classname="tests.test_v2_6_18_browser_mix_and_utm_fix" name="test_third_party_browser_scrub_in_preset_gate" time="0.002" /><testcase classname="tests.test_v2_6_18_browser_mix_and_utm_fix" name="test_apply_inapp_preset_replaces_third_party_browsers" time="0.432" /><testcase classname="tests.test_v2_6_18_browser_mix_and_utm_fix" name="test_strip_foreign_inapp_markers_covers_third_party" time="0.001" /><testcase classname="tests.test_v2_6_18_browser_mix_and_utm_fix" name="test_coerce_ua_strips_wechat_and_appends_tiktok" time="0.002" /><testcase classname="tests.test_v2_6_18_browser_mix_and_utm_fix" name="test_incoming_query_params_forwarded_to_destination" time="0.010" /><testcase classname="tests.test_v2_6_19_tiktok_ua_rebuild" name="test_version_bumped_to_2_6_19_or_higher" time="0.000" /><testcase classname="tests.test_v2_6_19_tiktok_ua_rebuild" name="test_tiktok_android_ua_uses_cronet_not_chrome" time="0.001" /><testcase classname="tests.test_v2_6_19_tiktok_ua_rebuild" name="test_tiktok_android_preserves_device_and_version" time="0.000" /><testcase classname="tests.test_v2_6_19_tiktok_ua_rebuild" name="test_facebook_android_keeps_chrome_webview" time="0.000" /><testcase classname="tests.test_v2_6_19_tiktok_ua_rebuild" name="test_tiktok_ios_still_uses_webkit_no_safari" time="0.000" /><testcase classname="tests.test_v2_6_19_tiktok_ua_rebuild" name="test_wechat_ua_gets_cronet_after_scrub_and_tiktok_coerce" time="0.000" /><testcase classname="tests.test_v2_6_21_hybrid_ua_leak_fix" name="test_version_at_or_above_2_6_21" time="0.000" /><testcase classname="tests.test_v2_6_21_hybrid_ua_leak_fix" name="test_bug_a_musical_ly_plus_fbav_stripped_on_tiktok_coerce" time="0.000" /><testcase classname="tests.test_v2_6_21_hybrid_ua_leak_fix" name="test_bug_b_musical_ly_plus_chrome_safari_forces_cronet" time="0.000" /><testcase classname="tests.test_v2_6_21_hybrid_ua_leak_fix" name="test_musical_ly_plus_instagram_tokens_stripped" time="0.000" /><testcase classname="tests.test_v2_6_21_hybrid_ua_leak_fix" name="test_plain_android_webview_becomes_cronet_on_tiktok_coerce" time="0.000" /><testcase classname="tests.test_v2_6_21_hybrid_ua_leak_fix" name="test_clean_tiktok_cronet_ua_is_idempotent" time="0.000" /><testcase classname="tests.test_v2_6_21_hybrid_ua_leak_fix" name="test_facebook_inapp_ua_keeps_chrome_and_safari_and_no_musical_ly" time="0.000" /><testcase classname="tests.test_v2_6_21_hybrid_ua_leak_fix" name="test_instagram_target_strips_tiktok_markers" time="0.000" /><testcase classname="tests.test_v2_6_21_hybrid_ua_leak_fix" name="test_ua_tiktok_android_generator_is_cronet_shape" time="1.034" /><testcase classname="tests.test_v2_6_21_hybrid_ua_leak_fix" name="test_ua_tiktok_ios_generator_has_musical_ly_and_no_safari" time="0.000" /><testcase classname="tests.test_v2_6_21_hybrid_ua_leak_fix" name="test_generator_output_is_idempotent_through_coerce" time="0.002" /></testsuite></testsuites>