<?xml version="1.0" encoding="utf-8"?><testsuites name="pytest tests"><testsuite name="pytest" errors="0" failures="0" skipped="0" tests="59" time="0.561" timestamp="2026-07-21T20:22:51.420293+00:00" hostname="agent-env-d91377dd-d04a-4f32-af0f-b8b3d5338ce8"><testcase classname="tests.test_v2_6_22_custom_url_plus_preset_all_platforms" name="test_custom_url_plus_preset_returns_operator_url[facebook]" time="0.018" /><testcase classname="tests.test_v2_6_22_custom_url_plus_preset_all_platforms" name="test_custom_url_plus_preset_returns_operator_url[messenger]" time="0.000" /><testcase classname="tests.test_v2_6_22_custom_url_plus_preset_all_platforms" name="test_custom_url_plus_preset_returns_operator_url[instagram]" time="0.000" /><testcase classname="tests.test_v2_6_22_custom_url_plus_preset_all_platforms" name="test_custom_url_plus_preset_returns_operator_url[tiktok]" time="0.000" /><testcase classname="tests.test_v2_6_22_custom_url_plus_preset_all_platforms" name="test_custom_url_plus_preset_returns_operator_url[snapchat]" time="0.000" /><testcase classname="tests.test_v2_6_22_custom_url_plus_preset_all_platforms" name="test_custom_url_plus_preset_returns_operator_url[linkedin]" time="0.000" /><testcase classname="tests.test_v2_6_22_custom_url_plus_preset_all_platforms" name="test_custom_url_plus_preset_returns_operator_url[twitter]" time="0.000" /><testcase classname="tests.test_v2_6_22_custom_url_plus_preset_all_platforms" name="test_custom_url_plus_preset_returns_operator_url[pinterest]" time="0.000" /><testcase classname="tests.test_v2_6_22_custom_url_plus_preset_all_platforms" name="test_custom_url_plus_preset_sets_platform_tag[facebook]" time="0.000" /><testcase classname="tests.test_v2_6_22_custom_url_plus_preset_all_platforms" name="test_custom_url_plus_preset_sets_platform_tag[messenger]" time="0.000" /><testcase classname="tests.test_v2_6_22_custom_url_plus_preset_all_platforms" name="test_custom_url_plus_preset_sets_platform_tag[instagram]" time="0.000" /><testcase classname="tests.test_v2_6_22_custom_url_plus_preset_all_platforms" name="test_custom_url_plus_preset_sets_platform_tag[tiktok]" time="0.000" /><testcase classname="tests.test_v2_6_22_custom_url_plus_preset_all_platforms" name="test_custom_url_plus_preset_sets_platform_tag[snapchat]" time="0.000" /><testcase classname="tests.test_v2_6_22_custom_url_plus_preset_all_platforms" name="test_custom_url_plus_preset_sets_platform_tag[linkedin]" time="0.000" /><testcase classname="tests.test_v2_6_22_custom_url_plus_preset_all_platforms" name="test_custom_url_plus_preset_sets_platform_tag[twitter]" time="0.000" /><testcase classname="tests.test_v2_6_22_custom_url_plus_preset_all_platforms" name="test_custom_url_plus_preset_sets_platform_tag[pinterest]" time="0.000" /><testcase classname="tests.test_v2_6_22_custom_url_plus_preset_all_platforms" name="test_ua_coerced_carries_platform_marker_android[facebook-expected_markers0]" time="0.002" /><testcase classname="tests.test_v2_6_22_custom_url_plus_preset_all_platforms" name="test_ua_coerced_carries_platform_marker_android[messenger-expected_markers1]" time="0.000" /><testcase classname="tests.test_v2_6_22_custom_url_plus_preset_all_platforms" name="test_ua_coerced_carries_platform_marker_android[instagram-expected_markers2]" time="0.001" /><testcase classname="tests.test_v2_6_22_custom_url_plus_preset_all_platforms" name="test_ua_coerced_carries_platform_marker_android[tiktok-expected_markers3]" time="0.001" /><testcase classname="tests.test_v2_6_22_custom_url_plus_preset_all_platforms" name="test_ua_coerced_carries_platform_marker_android[snapchat-expected_markers4]" time="0.000" /><testcase classname="tests.test_v2_6_22_custom_url_plus_preset_all_platforms" name="test_ua_coerced_carries_platform_marker_android[linkedin-expected_markers5]" time="0.000" /><testcase classname="tests.test_v2_6_22_custom_url_plus_preset_all_platforms" name="test_ua_coerced_carries_platform_marker_android[twitter-expected_markers6]" time="0.000" /><testcase classname="tests.test_v2_6_22_custom_url_plus_preset_all_platforms" name="test_ua_coerced_carries_platform_marker_android[pinterest-expected_markers7]" time="0.000" /><testcase classname="tests.test_v2_6_22_custom_url_plus_preset_all_platforms" name="test_ua_coerced_carries_platform_marker_ios[facebook-expected_markers0]" time="0.001" /><testcase classname="tests.test_v2_6_22_custom_url_plus_preset_all_platforms" name="test_ua_coerced_carries_platform_marker_ios[messenger-expected_markers1]" time="0.000" /><testcase classname="tests.test_v2_6_22_custom_url_plus_preset_all_platforms" name="test_ua_coerced_carries_platform_marker_ios[instagram-expected_markers2]" time="0.000" /><testcase classname="tests.test_v2_6_22_custom_url_plus_preset_all_platforms" name="test_ua_coerced_carries_platform_marker_ios[tiktok-expected_markers3]" time="0.000" /><testcase classname="tests.test_v2_6_22_custom_url_plus_preset_all_platforms" name="test_ua_coerced_carries_platform_marker_ios[snapchat-expected_markers4]" time="0.000" /><testcase classname="tests.test_v2_6_22_custom_url_plus_preset_all_platforms" name="test_ua_coerced_carries_platform_marker_ios[linkedin-expected_markers5]" time="0.000" /><testcase classname="tests.test_v2_6_22_custom_url_plus_preset_all_platforms" name="test_ua_coerced_carries_platform_marker_ios[twitter-expected_markers6]" time="0.000" /><testcase classname="tests.test_v2_6_22_custom_url_plus_preset_all_platforms" name="test_ua_coerced_carries_platform_marker_ios[pinterest-expected_markers7]" time="0.000" /><testcase classname="tests.test_v2_6_22_custom_url_plus_preset_all_platforms" name="test_no_foreign_platform_markers_after_coerce[tiktok-foreign_markers0]" time="0.000" /><testcase classname="tests.test_v2_6_22_custom_url_plus_preset_all_platforms" name="test_no_foreign_platform_markers_after_coerce[facebook-foreign_markers1]" time="0.000" /><testcase classname="tests.test_v2_6_22_custom_url_plus_preset_all_platforms" name="test_no_foreign_platform_markers_after_coerce[instagram-foreign_markers2]" time="0.000" /><testcase classname="tests.test_v2_6_22_custom_url_plus_preset_all_platforms" name="test_no_foreign_platform_markers_after_coerce[snapchat-foreign_markers3]" time="0.000" /><testcase classname="tests.test_v2_6_22_custom_url_plus_preset_all_platforms" name="test_no_foreign_platform_markers_after_coerce[linkedin-foreign_markers4]" time="0.000" /><testcase classname="tests.test_v2_6_22_custom_url_plus_preset_all_platforms" name="test_no_foreign_platform_markers_after_coerce[twitter-foreign_markers5]" time="0.000" /><testcase classname="tests.test_v2_6_22_custom_url_plus_preset_all_platforms" name="test_no_foreign_platform_markers_after_coerce[pinterest-foreign_markers6]" time="0.000" /><testcase classname="tests.test_v2_6_22_custom_url_plus_preset_all_platforms" name="test_tiktok_android_no_chrome_or_safari_after_coerce" time="0.000" /><testcase classname="tests.test_v2_6_22_custom_url_plus_preset_all_platforms" name="test_tiktok_ios_no_trailing_safari_after_coerce" time="0.000" /><testcase classname="tests.test_v2_6_22_custom_url_plus_preset_all_platforms" name="test_utm_params_populated_for_paid_platforms[facebook-cpc]" time="0.000" /><testcase classname="tests.test_v2_6_22_custom_url_plus_preset_all_platforms" name="test_utm_params_populated_for_paid_platforms[instagram-cpc]" time="0.000" /><testcase classname="tests.test_v2_6_22_custom_url_plus_preset_all_platforms" name="test_utm_params_populated_for_paid_platforms[tiktok-cpc]" time="0.000" /><testcase classname="tests.test_v2_6_22_custom_url_plus_preset_all_platforms" name="test_utm_params_populated_for_paid_platforms[snapchat-cpc]" time="0.000" /><testcase classname="tests.test_v2_6_22_custom_url_plus_preset_all_platforms" name="test_utm_params_populated_for_paid_platforms[linkedin-cpc]" time="0.000" /><testcase classname="tests.test_v2_6_22_custom_url_plus_preset_all_platforms" name="test_utm_params_populated_for_paid_platforms[twitter-cpc]" time="0.000" /><testcase classname="tests.test_v2_6_22_custom_url_plus_preset_all_platforms" name="test_utm_params_populated_for_paid_platforms[pinterest-cpc]" time="0.000" /><testcase classname="tests.test_v2_6_22_custom_url_plus_preset_all_platforms" name="test_utm_params_populated_for_paid_platforms[messenger-referral]" time="0.000" /><testcase classname="tests.test_v2_6_22_custom_url_plus_preset_all_platforms" name="test_operators_utm_source_not_overwritten" time="0.000" /><testcase classname="tests.test_v2_6_22_custom_url_plus_preset_all_platforms" name="test_full_pipeline_referer_and_ua_consistent[facebook]" time="0.000" /><testcase classname="tests.test_v2_6_22_custom_url_plus_preset_all_platforms" name="test_full_pipeline_referer_and_ua_consistent[instagram]" time="0.000" /><testcase classname="tests.test_v2_6_22_custom_url_plus_preset_all_platforms" name="test_full_pipeline_referer_and_ua_consistent[tiktok]" time="0.000" /><testcase classname="tests.test_v2_6_22_custom_url_plus_preset_all_platforms" name="test_full_pipeline_referer_and_ua_consistent[snapchat]" time="0.000" /><testcase classname="tests.test_v2_6_22_custom_url_plus_preset_all_platforms" name="test_full_pipeline_referer_and_ua_consistent[linkedin]" time="0.000" /><testcase classname="tests.test_v2_6_22_custom_url_plus_preset_all_platforms" name="test_full_pipeline_referer_and_ua_consistent[twitter]" time="0.000" /><testcase classname="tests.test_v2_6_22_custom_url_plus_preset_all_platforms" name="test_full_pipeline_referer_and_ua_consistent[pinterest]" time="0.000" /><testcase classname="tests.test_v2_6_22_custom_url_plus_preset_all_platforms" name="test_platform_pool_picks_only_from_selected_set" time="0.003" /><testcase classname="tests.test_v2_6_22_custom_url_plus_preset_all_platforms" name="test_weighted_platform_pool_json_respected" time="0.006" /></testsuite></testsuites>